[debug] [2026-01-18T06:13:46.318Z] ----------------------------------------------------------------------
[debug] [2026-01-18T06:13:46.322Z] Command:       C:\Program Files\nodejs\node.exe C:\Users\usama\AppData\Roaming\npm\node_modules\firebase-tools\lib\bin\firebase.js deploy --only functions
[debug] [2026-01-18T06:13:46.323Z] CLI Version:   15.3.1
[debug] [2026-01-18T06:13:46.323Z] Platform:      win32
[debug] [2026-01-18T06:13:46.323Z] Node Version:  v22.20.0
[debug] [2026-01-18T06:13:46.323Z] Time:          Sun Jan 18 2026 11:43:46 GMT+0530 (India Standard Time)
[debug] [2026-01-18T06:13:46.323Z] ----------------------------------------------------------------------
[debug] 
[debug] [2026-01-18T06:13:48.195Z] > command requires scopes: ["email","openid","https://www.googleapis.com/auth/cloudplatformprojects.readonly","https://www.googleapis.com/auth/firebase","https://www.googleapis.com/auth/cloud-platform"]
[debug] [2026-01-18T06:13:48.195Z] > authorizing via signed-in user (usamahakrm@gmail.com)
[debug] [2026-01-18T06:13:48.196Z] [iam] checking project sustainly-green for permissions ["cloudfunctions.functions.create","cloudfunctions.functions.delete","cloudfunctions.functions.get","cloudfunctions.functions.list","cloudfunctions.functions.update","cloudfunctions.operations.get","firebase.projects.get"]
[debug] [2026-01-18T06:13:48.196Z] Checked if tokens are valid: true, expires at: 1768718318325
[debug] [2026-01-18T06:13:48.196Z] Checked if tokens are valid: true, expires at: 1768718318325
[debug] [2026-01-18T06:13:48.197Z] >>> [apiv2][query] POST https://cloudresourcemanager.googleapis.com/v1/projects/sustainly-green:testIamPermissions [none]
[debug] [2026-01-18T06:13:48.197Z] >>> [apiv2][(partial)header] POST https://cloudresourcemanager.googleapis.com/v1/projects/sustainly-green:testIamPermissions x-goog-quota-user=projects/sustainly-green
[debug] [2026-01-18T06:13:48.197Z] >>> [apiv2][body] POST https://cloudresourcemanager.googleapis.com/v1/projects/sustainly-green:testIamPermissions {"permissions":["cloudfunctions.functions.create","cloudfunctions.functions.delete","cloudfunctions.functions.get","cloudfunctions.functions.list","cloudfunctions.functions.update","cloudfunctions.operations.get","firebase.projects.get"]}
[debug] [2026-01-18T06:13:49.853Z] <<< [apiv2][status] POST https://cloudresourcemanager.googleapis.com/v1/projects/sustainly-green:testIamPermissions 200
[debug] [2026-01-18T06:13:49.854Z] <<< [apiv2][body] POST https://cloudresourcemanager.googleapis.com/v1/projects/sustainly-green:testIamPermissions {"permissions":["cloudfunctions.functions.create","cloudfunctions.functions.delete","cloudfunctions.functions.get","cloudfunctions.functions.list","cloudfunctions.functions.update","cloudfunctions.operations.get","firebase.projects.get"]}
[debug] [2026-01-18T06:13:49.854Z] Checked if tokens are valid: true, expires at: 1768718318325
[debug] [2026-01-18T06:13:49.854Z] Checked if tokens are valid: true, expires at: 1768718318325
[debug] [2026-01-18T06:13:49.854Z] >>> [apiv2][query] POST https://iam.googleapis.com/v1/projects/sustainly-green/serviceAccounts/sustainly-green@appspot.gserviceaccount.com:testIamPermissions [none]
[debug] [2026-01-18T06:13:49.854Z] >>> [apiv2][body] POST https://iam.googleapis.com/v1/projects/sustainly-green/serviceAccounts/sustainly-green@appspot.gserviceaccount.com:testIamPermissions {"permissions":["iam.serviceAccounts.actAs"]}
[debug] [2026-01-18T06:13:51.558Z] <<< [apiv2][status] POST https://iam.googleapis.com/v1/projects/sustainly-green/serviceAccounts/sustainly-green@appspot.gserviceaccount.com:testIamPermissions 200
[debug] [2026-01-18T06:13:51.558Z] <<< [apiv2][body] POST https://iam.googleapis.com/v1/projects/sustainly-green/serviceAccounts/sustainly-green@appspot.gserviceaccount.com:testIamPermissions {"permissions":["iam.serviceAccounts.actAs"]}
[info] 
[info] === Deploying to 'sustainly-green'...
[info] 
[info] i  deploying functions 
[info] Running command: npm --prefix "$RESOURCE_DIR" run lint
[info] Running command: npm --prefix "$RESOURCE_DIR" run build
[info] +  functions: Finished running predeploy script. 
[debug] [2026-01-18T06:13:55.251Z] Checked if tokens are valid: true, expires at: 1768718318325
[debug] [2026-01-18T06:13:55.251Z] Checked if tokens are valid: true, expires at: 1768718318325
[debug] [2026-01-18T06:13:55.251Z] >>> [apiv2][query] GET https://cloudresourcemanager.googleapis.com/v1/projects/sustainly-green [none]
[debug] [2026-01-18T06:13:56.912Z] <<< [apiv2][status] GET https://cloudresourcemanager.googleapis.com/v1/projects/sustainly-green 200
[debug] [2026-01-18T06:13:56.912Z] <<< [apiv2][body] GET https://cloudresourcemanager.googleapis.com/v1/projects/sustainly-green {"projectNumber":"455549024774","projectId":"sustainly-green","lifecycleState":"ACTIVE","name":"sustainly-green","labels":{"firebase":"enabled","firebase-core":"disabled"},"createTime":"2025-12-11T18:12:49.122988Z"}
[info] i  functions: preparing codebase default for deployment 
[info] i  functions: ensuring required API cloudfunctions.googleapis.com is enabled... 
[info] i  functions: ensuring required API cloudbuild.googleapis.com is enabled... 
[info] i  artifactregistry: ensuring required API artifactregistry.googleapis.com is enabled... 
[debug] [2026-01-18T06:13:56.915Z] Checked if tokens are valid: true, expires at: 1768718318325
[debug] [2026-01-18T06:13:56.916Z] Checked if tokens are valid: true, expires at: 1768718318325
[debug] [2026-01-18T06:13:56.916Z] >>> [apiv2][query] GET https://firebase.googleapis.com/v1beta1/projects/sustainly-green/adminSdkConfig [none]
[debug] [2026-01-18T06:13:58.141Z] <<< [apiv2][status] GET https://firebase.googleapis.com/v1beta1/projects/sustainly-green/adminSdkConfig 200
[debug] [2026-01-18T06:13:58.141Z] <<< [apiv2][body] GET https://firebase.googleapis.com/v1beta1/projects/sustainly-green/adminSdkConfig {"projectId":"sustainly-green","storageBucket":"sustainly-green.firebasestorage.app"}
[debug] [2026-01-18T06:13:58.143Z] Validating nodejs source
[debug] [2026-01-18T06:13:59.821Z] > [functions] package.json contents: {
  "name": "functions",
  "scripts": {
    "lint": "echo \"Skipping lint\"",
    "build": "tsc",
    "deploy": "firebase deploy",
    "serve": "firebase emulators:start",
    "shell": "firebase functions:shell",
    "start": "npm run shell"
  },
  "engines": {
    "node": "24"
  },
  "main": "lib/index.js",
  "dependencies": {
    "firebase-admin": "^13.6.0",
    "firebase-functions": "^7.0.3"
  },
  "devDependencies": {
    "@typescript-eslint/eslint-plugin": "^5.12.0",
    "@typescript-eslint/parser": "^5.12.0",
    "eslint": "^8.9.0",
    "eslint-config-google": "^0.14.0",
    "eslint-plugin-import": "^2.25.4",
    "firebase-functions-test": "^3.4.1",
    "typescript": "^5.7.3"
  },
  "private": true
}
[debug] [2026-01-18T06:13:59.822Z] Building nodejs source
[info] i  functions: Loading and analyzing source code for codebase default to determine what to deploy 
[debug] [2026-01-18T06:13:59.823Z] Could not find functions.yaml. Must use http discovery
[debug] [2026-01-18T06:13:59.834Z] Found firebase-functions binary at 'C:\Users\usama\Desktop\sustain\sustainly-marketplace\functions\node_modules\.bin\firebase-functions'
[info] Serving at port 8446

[debug] [2026-01-18T06:14:00.627Z] Got response from /__/functions.yaml {"endpoints":{"onRFQCreated":{"availableMemoryMb":null,"timeoutSeconds":null,"minInstances":null,"maxInstances":null,"ingressSettings":null,"concurrency":null,"serviceAccountEmail":null,"vpc":null,"platform":"gcfv2","secretEnvironmentVariables":[{"key":"SMTP_EMAIL"},{"key":"SMTP_PASSWORD"}],"labels":{},"eventTrigger":{"eventType":"google.cloud.firestore.document.v1.created","eventFilters":{"database":"(default)","namespace":"(default)"},"eventFilterPathPatterns":{"document":"rfqs/{rfqId}"},"retry":false},"entryPoint":"onRFQCreated"}},"specVersion":"v1alpha1","requiredAPIs":[],"extensions":{},"params":[{"type":"secret","name":"SMTP_EMAIL"},{"type":"secret","name":"SMTP_PASSWORD"}]}
[info] i  extensions: ensuring required API firebaseextensions.googleapis.com is enabled... 
[debug] [2026-01-18T06:14:04.689Z] > command requires scopes: ["email","openid","https://www.googleapis.com/auth/cloudplatformprojects.readonly","https://www.googleapis.com/auth/firebase","https://www.googleapis.com/auth/cloud-platform"]
[debug] [2026-01-18T06:14:04.689Z] > authorizing via signed-in user (usamahakrm@gmail.com)
[debug] [2026-01-18T06:14:04.689Z] [iam] checking project sustainly-green for permissions ["firebase.projects.get","firebaseextensions.instances.list"]
[debug] [2026-01-18T06:14:04.689Z] Checked if tokens are valid: true, expires at: 1768718318325
[debug] [2026-01-18T06:14:04.689Z] Checked if tokens are valid: true, expires at: 1768718318325
[debug] [2026-01-18T06:14:04.690Z] >>> [apiv2][query] POST https://cloudresourcemanager.googleapis.com/v1/projects/sustainly-green:testIamPermissions [none]
[debug] [2026-01-18T06:14:04.690Z] >>> [apiv2][(partial)header] POST https://cloudresourcemanager.googleapis.com/v1/projects/sustainly-green:testIamPermissions x-goog-quota-user=projects/sustainly-green
[debug] [2026-01-18T06:14:04.690Z] >>> [apiv2][body] POST https://cloudresourcemanager.googleapis.com/v1/projects/sustainly-green:testIamPermissions {"permissions":["firebase.projects.get","firebaseextensions.instances.list"]}
[debug] [2026-01-18T06:14:06.128Z] <<< [apiv2][status] POST https://cloudresourcemanager.googleapis.com/v1/projects/sustainly-green:testIamPermissions 200
[debug] [2026-01-18T06:14:06.128Z] <<< [apiv2][body] POST https://cloudresourcemanager.googleapis.com/v1/projects/sustainly-green:testIamPermissions {"permissions":["firebase.projects.get","firebaseextensions.instances.list"]}
[debug] [2026-01-18T06:14:06.129Z] Checked if tokens are valid: true, expires at: 1768718318325
[debug] [2026-01-18T06:14:06.129Z] Checked if tokens are valid: true, expires at: 1768718318325
[debug] [2026-01-18T06:14:06.129Z] >>> [apiv2][query] GET https://firebaseextensions.googleapis.com/v1beta/projects/sustainly-green/instances pageSize=100&pageToken=
[debug] [2026-01-18T06:14:07.767Z] <<< [apiv2][status] GET https://firebaseextensions.googleapis.com/v1beta/projects/sustainly-green/instances 200
[debug] [2026-01-18T06:14:07.767Z] <<< [apiv2][body] GET https://firebaseextensions.googleapis.com/v1beta/projects/sustainly-green/instances {}
[debug] [2026-01-18T06:14:07.769Z] Checked if tokens are valid: true, expires at: 1768718318325
[debug] [2026-01-18T06:14:07.769Z] Checked if tokens are valid: true, expires at: 1768718318325
[debug] [2026-01-18T06:14:07.769Z] >>> [apiv2][query] GET https://secretmanager.googleapis.com/v1/projects/sustainly-green/secrets/SMTP_EMAIL [none]
[debug] [2026-01-18T06:14:08.437Z] <<< [apiv2][status] GET https://secretmanager.googleapis.com/v1/projects/sustainly-green/secrets/SMTP_EMAIL 200
[debug] [2026-01-18T06:14:08.437Z] <<< [apiv2][body] GET https://secretmanager.googleapis.com/v1/projects/sustainly-green/secrets/SMTP_EMAIL {"name":"projects/455549024774/secrets/SMTP_EMAIL","replication":{"automatic":{}},"createTime":"2026-01-18T04:05:30.838076Z","labels":{"firebase-managed":"functions"},"etag":"\"1648a1af8e70a7\""}
[debug] [2026-01-18T06:14:08.438Z] Checked if tokens are valid: true, expires at: 1768718318325
[debug] [2026-01-18T06:14:08.438Z] Checked if tokens are valid: true, expires at: 1768718318325
[debug] [2026-01-18T06:14:08.438Z] >>> [apiv2][query] GET https://secretmanager.googleapis.com/v1/projects/sustainly-green/secrets/SMTP_EMAIL/versions/latest [none]
[debug] [2026-01-18T06:14:08.894Z] <<< [apiv2][status] GET https://secretmanager.googleapis.com/v1/projects/sustainly-green/secrets/SMTP_EMAIL/versions/latest 200
[debug] [2026-01-18T06:14:08.894Z] <<< [apiv2][body] GET https://secretmanager.googleapis.com/v1/projects/sustainly-green/secrets/SMTP_EMAIL/versions/latest {"name":"projects/455549024774/secrets/SMTP_EMAIL/versions/9","createTime":"2026-01-18T05:36:35.797296Z","state":"ENABLED","replicationStatus":{"automatic":{}},"etag":"\"1648a2f5310930\""}
[debug] [2026-01-18T06:14:08.895Z] Checked if tokens are valid: true, expires at: 1768718318325
[debug] [2026-01-18T06:14:08.895Z] Checked if tokens are valid: true, expires at: 1768718318325
[debug] [2026-01-18T06:14:08.896Z] >>> [apiv2][query] GET https://secretmanager.googleapis.com/v1/projects/sustainly-green/secrets/SMTP_PASSWORD [none]
[debug] [2026-01-18T06:14:09.312Z] <<< [apiv2][status] GET https://secretmanager.googleapis.com/v1/projects/sustainly-green/secrets/SMTP_PASSWORD 200
[debug] [2026-01-18T06:14:09.312Z] <<< [apiv2][body] GET https://secretmanager.googleapis.com/v1/projects/sustainly-green/secrets/SMTP_PASSWORD {"name":"projects/455549024774/secrets/SMTP_PASSWORD","replication":{"automatic":{}},"createTime":"2026-01-18T04:07:03.299174Z","labels":{"firebase-managed":"functions"},"etag":"\"1648a1b51cf211\""}
[debug] [2026-01-18T06:14:09.313Z] Checked if tokens are valid: true, expires at: 1768718318325
[debug] [2026-01-18T06:14:09.313Z] Checked if tokens are valid: true, expires at: 1768718318325
[debug] [2026-01-18T06:14:09.313Z] >>> [apiv2][query] GET https://secretmanager.googleapis.com/v1/projects/sustainly-green/secrets/SMTP_PASSWORD/versions/latest [none]
[debug] [2026-01-18T06:14:09.715Z] <<< [apiv2][status] GET https://secretmanager.googleapis.com/v1/projects/sustainly-green/secrets/SMTP_PASSWORD/versions/latest 200
[debug] [2026-01-18T06:14:09.715Z] <<< [apiv2][body] GET https://secretmanager.googleapis.com/v1/projects/sustainly-green/secrets/SMTP_PASSWORD/versions/latest {"name":"projects/455549024774/secrets/SMTP_PASSWORD/versions/5","createTime":"2026-01-18T05:37:12.913709Z","state":"ENABLED","replicationStatus":{"automatic":{}},"etag":"\"1648a2f767632d\""}
[info] i  functions: preparing functions directory for uploading... 
[info] i  functions: packaged C:\Users\usama\Desktop\sustain\sustainly-marketplace\functions (95.56 KB) for uploading 
[debug] [2026-01-18T06:14:09.826Z] Checked if tokens are valid: true, expires at: 1768718318325
[debug] [2026-01-18T06:14:09.826Z] Checked if tokens are valid: true, expires at: 1768718318325
[debug] [2026-01-18T06:14:09.826Z] >>> [apiv2][query] GET https://cloudfunctions.googleapis.com/v1/projects/sustainly-green/locations/-/functions [none]
[debug] [2026-01-18T06:14:10.843Z] <<< [apiv2][status] GET https://cloudfunctions.googleapis.com/v1/projects/sustainly-green/locations/-/functions 200
[debug] [2026-01-18T06:14:10.843Z] <<< [apiv2][body] GET https://cloudfunctions.googleapis.com/v1/projects/sustainly-green/locations/-/functions {}
[debug] [2026-01-18T06:14:10.844Z] Checked if tokens are valid: true, expires at: 1768718318325
[debug] [2026-01-18T06:14:10.844Z] Checked if tokens are valid: true, expires at: 1768718318325
[debug] [2026-01-18T06:14:10.844Z] >>> [apiv2][query] GET https://cloudfunctions.googleapis.com/v2/projects/sustainly-green/locations/-/functions filter=environment%3D%22GEN_2%22
[debug] [2026-01-18T06:14:12.483Z] <<< [apiv2][status] GET https://cloudfunctions.googleapis.com/v2/projects/sustainly-green/locations/-/functions 200
[debug] [2026-01-18T06:14:12.483Z] <<< [apiv2][body] GET https://cloudfunctions.googleapis.com/v2/projects/sustainly-green/locations/-/functions {}
[debug] [2026-01-18T06:14:12.484Z] Checked if tokens are valid: true, expires at: 1768718318325
[debug] [2026-01-18T06:14:12.484Z] Checked if tokens are valid: true, expires at: 1768718318325
[debug] [2026-01-18T06:14:12.484Z] >>> [apiv2][query] GET https://firestore.googleapis.com/v1/projects/sustainly-green/databases/(default) [none]
[debug] [2026-01-18T06:14:13.193Z] <<< [apiv2][status] GET https://firestore.googleapis.com/v1/projects/sustainly-green/databases/(default) 200
[debug] [2026-01-18T06:14:13.194Z] <<< [apiv2][body] GET https://firestore.googleapis.com/v1/projects/sustainly-green/databases/(default) {"name":"projects/sustainly-green/databases/(default)","uid":"38ca30b3-6f1f-48ba-ae1f-07cdd324bdae","createTime":"2025-12-11T18:15:31.756133Z","updateTime":"2025-12-11T18:15:31.756133Z","locationId":"asia-south1","type":"FIRESTORE_NATIVE","concurrencyMode":"PESSIMISTIC","versionRetentionPeriod":"3600s","earliestVersionTime":"2026-01-18T05:14:13.675563Z","appEngineIntegrationMode":"DISABLED","keyPrefix":"j","pointInTimeRecoveryEnablement":"POINT_IN_TIME_RECOVERY_DISABLED","deleteProtectionState":"DELETE_PROTECTION_DISABLED","databaseEdition":"STANDARD","freeTier":true,"realtimeUpdatesMode":"REALTIME_UPDATES_MODE_ENABLED","etag":"ILOGlt63lJIDMJbqkpWWtpED"}
[info] i  functions: ensuring required API run.googleapis.com is enabled... 
[info] i  functions: ensuring required API eventarc.googleapis.com is enabled... 
[info] i  functions: ensuring required API pubsub.googleapis.com is enabled... 
[info] i  functions: ensuring required API storage.googleapis.com is enabled... 
[info] i  functions: generating the service identity for pubsub.googleapis.com... 
[debug] [2026-01-18T06:14:13.198Z] Checked if tokens are valid: true, expires at: 1768718318325
[debug] [2026-01-18T06:14:13.198Z] Checked if tokens are valid: true, expires at: 1768718318325
[info] i  functions: generating the service identity for eventarc.googleapis.com... 
[debug] [2026-01-18T06:14:13.199Z] Checked if tokens are valid: true, expires at: 1768718318325
[debug] [2026-01-18T06:14:13.199Z] Checked if tokens are valid: true, expires at: 1768718318325
[debug] [2026-01-18T06:14:13.199Z] >>> [apiv2][query] POST https://serviceusage.googleapis.com/v1beta1/projects/455549024774/services/pubsub.googleapis.com:generateServiceIdentity [none]
[debug] [2026-01-18T06:14:13.199Z] >>> [apiv2][(partial)header] POST https://serviceusage.googleapis.com/v1beta1/projects/455549024774/services/pubsub.googleapis.com:generateServiceIdentity x-goog-quota-user=projects/455549024774
[debug] [2026-01-18T06:14:13.199Z] >>> [apiv2][body] POST https://serviceusage.googleapis.com/v1beta1/projects/455549024774/services/pubsub.googleapis.com:generateServiceIdentity {}
[debug] [2026-01-18T06:14:13.201Z] >>> [apiv2][query] POST https://serviceusage.googleapis.com/v1beta1/projects/455549024774/services/eventarc.googleapis.com:generateServiceIdentity [none]
[debug] [2026-01-18T06:14:13.201Z] >>> [apiv2][(partial)header] POST https://serviceusage.googleapis.com/v1beta1/projects/455549024774/services/eventarc.googleapis.com:generateServiceIdentity x-goog-quota-user=projects/455549024774
[debug] [2026-01-18T06:14:13.201Z] >>> [apiv2][body] POST https://serviceusage.googleapis.com/v1beta1/projects/455549024774/services/eventarc.googleapis.com:generateServiceIdentity {}
[debug] [2026-01-18T06:14:15.036Z] <<< [apiv2][status] POST https://serviceusage.googleapis.com/v1beta1/projects/455549024774/services/eventarc.googleapis.com:generateServiceIdentity 200
[debug] [2026-01-18T06:14:15.036Z] <<< [apiv2][body] POST https://serviceusage.googleapis.com/v1beta1/projects/455549024774/services/eventarc.googleapis.com:generateServiceIdentity {"name":"operations/finished.DONE_OPERATION","done":true,"response":{"@type":"type.googleapis.com/google.api.serviceusage.v1beta1.ServiceIdentity","email":"service-455549024774@gcp-sa-eventarc.iam.gserviceaccount.com","uniqueId":"108082144454744229958"}}
[debug] [2026-01-18T06:14:15.138Z] <<< [apiv2][status] POST https://serviceusage.googleapis.com/v1beta1/projects/455549024774/services/pubsub.googleapis.com:generateServiceIdentity 200
[debug] [2026-01-18T06:14:15.138Z] <<< [apiv2][body] POST https://serviceusage.googleapis.com/v1beta1/projects/455549024774/services/pubsub.googleapis.com:generateServiceIdentity {"name":"operations/finished.DONE_OPERATION","done":true,"response":{"@type":"type.googleapis.com/google.api.serviceusage.v1beta1.ServiceIdentity","email":"service-455549024774@gcp-sa-pubsub.iam.gserviceaccount.com","uniqueId":"104774518387814984579"}}
[info] i  functions: ensuring required API secretmanager.googleapis.com is enabled... 
[debug] [2026-01-18T06:14:15.141Z] Checked if tokens are valid: true, expires at: 1768718318325
[debug] [2026-01-18T06:14:15.141Z] Checked if tokens are valid: true, expires at: 1768718318325
[debug] [2026-01-18T06:14:15.141Z] Checked if tokens are valid: true, expires at: 1768718318325
[debug] [2026-01-18T06:14:15.141Z] Checked if tokens are valid: true, expires at: 1768718318325
[debug] [2026-01-18T06:14:15.141Z] >>> [apiv2][query] GET https://secretmanager.googleapis.com/v1/projects/sustainly-green/secrets/SMTP_EMAIL/versions/latest [none]
[debug] [2026-01-18T06:14:15.143Z] >>> [apiv2][query] GET https://secretmanager.googleapis.com/v1/projects/sustainly-green/secrets/SMTP_PASSWORD/versions/latest [none]
[debug] [2026-01-18T06:14:15.765Z] <<< [apiv2][status] GET https://secretmanager.googleapis.com/v1/projects/sustainly-green/secrets/SMTP_EMAIL/versions/latest 200
[debug] [2026-01-18T06:14:15.765Z] <<< [apiv2][body] GET https://secretmanager.googleapis.com/v1/projects/sustainly-green/secrets/SMTP_EMAIL/versions/latest {"name":"projects/455549024774/secrets/SMTP_EMAIL/versions/9","createTime":"2026-01-18T05:36:35.797296Z","state":"ENABLED","replicationStatus":{"automatic":{}},"etag":"\"1648a2f5310930\""}
[debug] [2026-01-18T06:14:15.765Z] Resolved secret version of SMTP_EMAIL to 9.
[debug] [2026-01-18T06:14:15.765Z] <<< [apiv2][status] GET https://secretmanager.googleapis.com/v1/projects/sustainly-green/secrets/SMTP_PASSWORD/versions/latest 200
[debug] [2026-01-18T06:14:15.766Z] <<< [apiv2][body] GET https://secretmanager.googleapis.com/v1/projects/sustainly-green/secrets/SMTP_PASSWORD/versions/latest {"name":"projects/455549024774/secrets/SMTP_PASSWORD/versions/5","createTime":"2026-01-18T05:37:12.913709Z","state":"ENABLED","replicationStatus":{"automatic":{}},"etag":"\"1648a2f767632d\""}
[debug] [2026-01-18T06:14:15.766Z] Resolved secret version of SMTP_PASSWORD to 5.
[debug] [2026-01-18T06:14:15.766Z] Checked if tokens are valid: true, expires at: 1768718318325
[debug] [2026-01-18T06:14:15.766Z] Checked if tokens are valid: true, expires at: 1768718318325
[debug] [2026-01-18T06:14:15.767Z] >>> [apiv2][query] GET https://compute.googleapis.com/compute/v1/projects/455549024774 [none]
[debug] [2026-01-18T06:14:16.273Z] <<< [apiv2][status] GET https://compute.googleapis.com/compute/v1/projects/455549024774 403
[debug] [2026-01-18T06:14:16.273Z] <<< [apiv2][body] GET https://compute.googleapis.com/compute/v1/projects/455549024774 {"error":{"code":403,"message":"Compute Engine API has not been used in project 455549024774 before or it is disabled. Enable it by visiting https://console.developers.google.com/apis/api/compute.googleapis.com/overview?project=455549024774 then retry. If you enabled this API recently, wait a few minutes for the action to propagate to our systems and retry.","errors":[{"message":"Compute Engine API has not been used in project 455549024774 before or it is disabled. Enable it by visiting https://console.developers.google.com/apis/api/compute.googleapis.com/overview?project=455549024774 then retry. If you enabled this API recently, wait a few minutes for the action to propagate to our systems and retry.","domain":"usageLimits","reason":"accessNotConfigured","extendedHelp":"https://console.developers.google.com"}],"status":"PERMISSION_DENIED","details":[{"@type":"type.googleapis.com/google.rpc.ErrorInfo","reason":"SERVICE_DISABLED","domain":"googleapis.com","metadata":{"activationUrl":"https://console.developers.google.com/apis/api/compute.googleapis.com/overview?project=455549024774","consumer":"projects/455549024774","serviceTitle":"Compute Engine API","service":"compute.googleapis.com","containerInfo":"455549024774"}},{"@type":"type.googleapis.com/google.rpc.LocalizedMessage","locale":"en-US","message":"Compute Engine API has not been used in project 455549024774 before or it is disabled. Enable it by visiting https://console.developers.google.com/apis/api/compute.googleapis.com/overview?project=455549024774 then retry. If you enabled this API recently, wait a few minutes for the action to propagate to our systems and retry."},{"@type":"type.googleapis.com/google.rpc.Help","links":[{"description":"Google developers console API activation","url":"https://console.developers.google.com/apis/api/compute.googleapis.com/overview?project=455549024774"}]}]}}
[debug] [2026-01-18T06:14:16.274Z] unable to look up default compute service account. Falling back to 455549024774-compute@developer.gserviceaccount.com. Error: {"name":"FirebaseError","children":[],"context":{"body":{"error":{"code":403,"message":"Compute Engine API has not been used in project 455549024774 before or it is disabled. Enable it by visiting https://console.developers.google.com/apis/api/compute.googleapis.com/overview?project=455549024774 then retry. If you enabled this API recently, wait a few minutes for the action to propagate to our systems and retry.","errors":[{"message":"Compute Engine API has not been used in project 455549024774 before or it is disabled. Enable it by visiting https://console.developers.google.com/apis/api/compute.googleapis.com/overview?project=455549024774 then retry. If you enabled this API recently, wait a few minutes for the action to propagate to our systems and retry.","domain":"usageLimits","reason":"accessNotConfigured","extendedHelp":"https://console.developers.google.com"}],"status":"PERMISSION_DENIED","details":[{"@type":"type.googleapis.com/google.rpc.ErrorInfo","reason":"SERVICE_DISABLED","domain":"googleapis.com","metadata":{"activationUrl":"https://console.developers.google.com/apis/api/compute.googleapis.com/overview?project=455549024774","consumer":"projects/455549024774","serviceTitle":"Compute Engine API","service":"compute.googleapis.com","containerInfo":"455549024774"}},{"@type":"type.googleapis.com/google.rpc.LocalizedMessage","locale":"en-US","message":"Compute Engine API has not been used in project 455549024774 before or it is disabled. Enable it by visiting https://console.developers.google.com/apis/api/compute.googleapis.com/overview?project=455549024774 then retry. If you enabled this API recently, wait a few minutes for the action to propagate to our systems and retry."},{"@type":"type.googleapis.com/google.rpc.Help","links":[{"description":"Google developers console API activation","url":"https://console.developers.google.com/apis/api/compute.googleapis.com/overview?project=455549024774"}]}]}},"response":{"statusCode":403}},"exit":1,"message":"Request to https://compute.googleapis.com/compute/v1/projects/455549024774 had HTTP Error: 403, Compute Engine API has not been used in project 455549024774 before or it is disabled. Enable it by visiting https://console.developers.google.com/apis/api/compute.googleapis.com/overview?project=455549024774 then retry. If you enabled this API recently, wait a few minutes for the action to propagate to our systems and retry.","status":403}
[debug] [2026-01-18T06:14:16.274Z] Checked if tokens are valid: true, expires at: 1768718318325
[debug] [2026-01-18T06:14:16.274Z] Checked if tokens are valid: true, expires at: 1768718318325
[debug] [2026-01-18T06:14:16.274Z] >>> [apiv2][query] POST https://cloudresourcemanager.googleapis.com/v1/projects/455549024774:getIamPolicy [none]
[debug] [2026-01-18T06:14:17.808Z] <<< [apiv2][status] POST https://cloudresourcemanager.googleapis.com/v1/projects/455549024774:getIamPolicy 200
[debug] [2026-01-18T06:14:17.808Z] <<< [apiv2][body] POST https://cloudresourcemanager.googleapis.com/v1/projects/455549024774:getIamPolicy {"version":1,"etag":"BwZIojuQtJs=","bindings":[{"role":"roles/artifactregistry.serviceAgent","members":["serviceAccount:service-455549024774@gcp-sa-artifactregistry.iam.gserviceaccount.com"]},{"role":"roles/cloudbuild.builds.builder","members":["serviceAccount:455549024774@cloudbuild.gserviceaccount.com"]},{"role":"roles/cloudbuild.serviceAgent","members":["serviceAccount:service-455549024774@gcp-sa-cloudbuild.iam.gserviceaccount.com"]},{"role":"roles/cloudfunctions.serviceAgent","members":["serviceAccount:service-455549024774@gcf-admin-robot.iam.gserviceaccount.com"]},{"role":"roles/containerregistry.ServiceAgent","members":["serviceAccount:service-455549024774@containerregistry.iam.gserviceaccount.com"]},{"role":"roles/editor","members":["serviceAccount:455549024774-compute@developer.gserviceaccount.com","serviceAccount:455549024774@cloudservices.gserviceaccount.com","serviceAccount:sustainly-green@appspot.gserviceaccount.com"]},{"role":"roles/eventarc.eventReceiver","members":["serviceAccount:455549024774-compute@developer.gserviceaccount.com"]},{"role":"roles/eventarc.serviceAgent","members":["serviceAccount:service-455549024774@gcp-sa-eventarc.iam.gserviceaccount.com"]},{"role":"roles/firebase.managementServiceAgent","members":["serviceAccount:service-455549024774@gcp-sa-firebase.iam.gserviceaccount.com"]},{"role":"roles/firebase.sdkAdminServiceAgent","members":["serviceAccount:firebase-adminsdk-fbsvc@sustainly-green.iam.gserviceaccount.com"]},{"role":"roles/firebaseauth.admin","members":["serviceAccount:firebase-adminsdk-fbsvc@sustainly-green.iam.gserviceaccount.com"]},{"role":"roles/firebasemods.serviceAgent","members":["serviceAccount:service-455549024774@gcp-sa-firebasemods.iam.gserviceaccount.com"]},{"role":"roles/firebaserules.firestoreServiceAgent","members":["serviceAccount:service-455549024774@gcp-sa-firebasestorage.iam.gserviceaccount.com"]},{"role":"roles/firebaserules.system","members":["serviceAccount:service-455549024774@firebase-rules.iam.gserviceaccount.com"]},{"role":"roles/firebasestorage.serviceAgent","members":["serviceAccount:service-455549024774@gcp-sa-firebasestorage.iam.gserviceaccount.com"]},{"role":"roles/firestore.serviceAgent","members":["serviceAccount:service-455549024774@gcp-sa-firestore.iam.gserviceaccount.com"]},{"role":"roles/iam.serviceAccountTokenCreator","members":["serviceAccount:firebase-adminsdk-fbsvc@sustainly-green.iam.gserviceaccount.com","serviceAccount:service-455549024774@gcp-sa-pubsub.iam.gserviceaccount.com"]},{"role":"roles/owner","members":["user:usamahakrm@gmail.com"]},{"role":"roles/pubsub.serviceAgent","members":["serviceAccount:service-455549024774@gcp-sa-pubsub.iam.gserviceaccount.com"]},{"role":"roles/run.invoker","members":["serviceAccount:455549024774-compute@developer.gserviceaccount.com"]},{"role":"roles/run.serviceAgent","members":["serviceAccount:service-455549024774@serverless-robot-prod.iam.gserviceaccount.com"]},{"role":"roles/storage.admin","members":["serviceAccount:firebase-adminsdk-fbsvc@sustainly-green.iam.gserviceaccount.com"]}]}
[debug] [2026-01-18T06:14:17.810Z] Checked if tokens are valid: true, expires at: 1768718318325
[debug] [2026-01-18T06:14:17.810Z] Checked if tokens are valid: true, expires at: 1768718318325
[debug] [2026-01-18T06:14:17.810Z] >>> [apiv2][query] GET https://cloudresourcemanager.googleapis.com/v1/projects/sustainly-green [none]
[debug] [2026-01-18T06:14:18.128Z] <<< [apiv2][status] GET https://cloudresourcemanager.googleapis.com/v1/projects/sustainly-green 200
[debug] [2026-01-18T06:14:18.129Z] <<< [apiv2][body] GET https://cloudresourcemanager.googleapis.com/v1/projects/sustainly-green {"projectNumber":"455549024774","projectId":"sustainly-green","lifecycleState":"ACTIVE","name":"sustainly-green","labels":{"firebase":"enabled","firebase-core":"disabled"},"createTime":"2025-12-11T18:12:49.122988Z"}
[debug] [2026-01-18T06:14:18.129Z] Checked if tokens are valid: true, expires at: 1768718318325
[debug] [2026-01-18T06:14:18.129Z] Checked if tokens are valid: true, expires at: 1768718318325
[debug] [2026-01-18T06:14:18.129Z] >>> [apiv2][query] GET https://compute.googleapis.com/compute/v1/projects/455549024774 [none]
[debug] [2026-01-18T06:14:18.445Z] <<< [apiv2][status] GET https://compute.googleapis.com/compute/v1/projects/455549024774 403
[debug] [2026-01-18T06:14:18.445Z] <<< [apiv2][body] GET https://compute.googleapis.com/compute/v1/projects/455549024774 {"error":{"code":403,"message":"Compute Engine API has not been used in project 455549024774 before or it is disabled. Enable it by visiting https://console.developers.google.com/apis/api/compute.googleapis.com/overview?project=455549024774 then retry. If you enabled this API recently, wait a few minutes for the action to propagate to our systems and retry.","errors":[{"message":"Compute Engine API has not been used in project 455549024774 before or it is disabled. Enable it by visiting https://console.developers.google.com/apis/api/compute.googleapis.com/overview?project=455549024774 then retry. If you enabled this API recently, wait a few minutes for the action to propagate to our systems and retry.","domain":"usageLimits","reason":"accessNotConfigured","extendedHelp":"https://console.developers.google.com"}],"status":"PERMISSION_DENIED","details":[{"@type":"type.googleapis.com/google.rpc.ErrorInfo","reason":"SERVICE_DISABLED","domain":"googleapis.com","metadata":{"serviceTitle":"Compute Engine API","consumer":"projects/455549024774","containerInfo":"455549024774","service":"compute.googleapis.com","activationUrl":"https://console.developers.google.com/apis/api/compute.googleapis.com/overview?project=455549024774"}},{"@type":"type.googleapis.com/google.rpc.LocalizedMessage","locale":"en-US","message":"Compute Engine API has not been used in project 455549024774 before or it is disabled. Enable it by visiting https://console.developers.google.com/apis/api/compute.googleapis.com/overview?project=455549024774 then retry. If you enabled this API recently, wait a few minutes for the action to propagate to our systems and retry."},{"@type":"type.googleapis.com/google.rpc.Help","links":[{"description":"Google developers console API activation","url":"https://console.developers.google.com/apis/api/compute.googleapis.com/overview?project=455549024774"}]}]}}
[debug] [2026-01-18T06:14:18.445Z] unable to look up default compute service account. Falling back to 455549024774-compute@developer.gserviceaccount.com. Error: {"name":"FirebaseError","children":[],"context":{"body":{"error":{"code":403,"message":"Compute Engine API has not been used in project 455549024774 before or it is disabled. Enable it by visiting https://console.developers.google.com/apis/api/compute.googleapis.com/overview?project=455549024774 then retry. If you enabled this API recently, wait a few minutes for the action to propagate to our systems and retry.","errors":[{"message":"Compute Engine API has not been used in project 455549024774 before or it is disabled. Enable it by visiting https://console.developers.google.com/apis/api/compute.googleapis.com/overview?project=455549024774 then retry. If you enabled this API recently, wait a few minutes for the action to propagate to our systems and retry.","domain":"usageLimits","reason":"accessNotConfigured","extendedHelp":"https://console.developers.google.com"}],"status":"PERMISSION_DENIED","details":[{"@type":"type.googleapis.com/google.rpc.ErrorInfo","reason":"SERVICE_DISABLED","domain":"googleapis.com","metadata":{"serviceTitle":"Compute Engine API","consumer":"projects/455549024774","containerInfo":"455549024774","service":"compute.googleapis.com","activationUrl":"https://console.developers.google.com/apis/api/compute.googleapis.com/overview?project=455549024774"}},{"@type":"type.googleapis.com/google.rpc.LocalizedMessage","locale":"en-US","message":"Compute Engine API has not been used in project 455549024774 before or it is disabled. Enable it by visiting https://console.developers.google.com/apis/api/compute.googleapis.com/overview?project=455549024774 then retry. If you enabled this API recently, wait a few minutes for the action to propagate to our systems and retry."},{"@type":"type.googleapis.com/google.rpc.Help","links":[{"description":"Google developers console API activation","url":"https://console.developers.google.com/apis/api/compute.googleapis.com/overview?project=455549024774"}]}]}},"response":{"statusCode":403}},"exit":1,"message":"Request to https://compute.googleapis.com/compute/v1/projects/455549024774 had HTTP Error: 403, Compute Engine API has not been used in project 455549024774 before or it is disabled. Enable it by visiting https://console.developers.google.com/apis/api/compute.googleapis.com/overview?project=455549024774 then retry. If you enabled this API recently, wait a few minutes for the action to propagate to our systems and retry.","status":403}
[info] i  functions: ensuring 455549024774-compute@developer.gserviceaccount.com access to secret SMTP_EMAIL. 
[debug] [2026-01-18T06:14:18.446Z] Checked if tokens are valid: true, expires at: 1768718318325
[debug] [2026-01-18T06:14:18.446Z] Checked if tokens are valid: true, expires at: 1768718318325
[info] i  functions: ensuring 455549024774-compute@developer.gserviceaccount.com access to secret SMTP_PASSWORD. 
[debug] [2026-01-18T06:14:18.446Z] Checked if tokens are valid: true, expires at: 1768718318325
[debug] [2026-01-18T06:14:18.447Z] Checked if tokens are valid: true, expires at: 1768718318325
[debug] [2026-01-18T06:14:18.447Z] >>> [apiv2][query] GET https://secretmanager.googleapis.com/v1/projects/sustainly-green/secrets/SMTP_EMAIL:getIamPolicy [none]
[debug] [2026-01-18T06:14:18.447Z] >>> [apiv2][query] GET https://secretmanager.googleapis.com/v1/projects/sustainly-green/secrets/SMTP_PASSWORD:getIamPolicy [none]
[debug] [2026-01-18T06:14:19.135Z] <<< [apiv2][status] GET https://secretmanager.googleapis.com/v1/projects/sustainly-green/secrets/SMTP_EMAIL:getIamPolicy 200
[debug] [2026-01-18T06:14:19.135Z] <<< [apiv2][body] GET https://secretmanager.googleapis.com/v1/projects/sustainly-green/secrets/SMTP_EMAIL:getIamPolicy {"version":1,"etag":"BwZIoboW/OY=","bindings":[{"role":"roles/secretmanager.secretAccessor","members":["serviceAccount:455549024774-compute@developer.gserviceaccount.com"]}]}
[info] +  secretmanager: Granted roles/secretmanager.secretAccessor on projects/sustainly-green/secrets/SMTP_EMAIL to 455549024774-compute@developer.gserviceaccount.com 
[info] +  functions: ensured 455549024774-compute@developer.gserviceaccount.com access to SMTP_EMAIL. 
[debug] [2026-01-18T06:14:19.234Z] <<< [apiv2][status] GET https://secretmanager.googleapis.com/v1/projects/sustainly-green/secrets/SMTP_PASSWORD:getIamPolicy 200
[debug] [2026-01-18T06:14:19.234Z] <<< [apiv2][body] GET https://secretmanager.googleapis.com/v1/projects/sustainly-green/secrets/SMTP_PASSWORD:getIamPolicy {"version":1,"etag":"BwZIoboW/NE=","bindings":[{"role":"roles/secretmanager.secretAccessor","members":["serviceAccount:455549024774-compute@developer.gserviceaccount.com"]}]}
[info] +  secretmanager: Granted roles/secretmanager.secretAccessor on projects/sustainly-green/secrets/SMTP_PASSWORD to 455549024774-compute@developer.gserviceaccount.com 
[info] +  functions: ensured 455549024774-compute@developer.gserviceaccount.com access to SMTP_PASSWORD. 
[debug] [2026-01-18T06:14:19.236Z] Checked if tokens are valid: true, expires at: 1768718318325
[debug] [2026-01-18T06:14:19.236Z] Checked if tokens are valid: true, expires at: 1768718318325
[debug] [2026-01-18T06:14:19.237Z] >>> [apiv2][query] GET https://cloudbilling.googleapis.com/v1/projects/sustainly-green/billingInfo [none]
[debug] [2026-01-18T06:14:20.771Z] <<< [apiv2][status] GET https://cloudbilling.googleapis.com/v1/projects/sustainly-green/billingInfo 200
[debug] [2026-01-18T06:14:20.771Z] <<< [apiv2][body] GET https://cloudbilling.googleapis.com/v1/projects/sustainly-green/billingInfo {"name":"projects/sustainly-green/billingInfo","projectId":"sustainly-green","billingAccountName":"billingAccounts/01D565-4D4690-E3A3E1","billingEnabled":true}
[debug] [2026-01-18T06:14:20.773Z] Checked if tokens are valid: true, expires at: 1768718318325
[debug] [2026-01-18T06:14:20.773Z] Checked if tokens are valid: true, expires at: 1768718318325
[debug] [2026-01-18T06:14:20.773Z] >>> [apiv2][query] POST https://cloudfunctions.googleapis.com/v2/projects/sustainly-green/locations/us-central1/functions:generateUploadUrl [none]
[debug] [2026-01-18T06:14:22.818Z] <<< [apiv2][status] POST https://cloudfunctions.googleapis.com/v2/projects/sustainly-green/locations/us-central1/functions:generateUploadUrl 200
[debug] [2026-01-18T06:14:22.818Z] <<< [apiv2][body] POST https://cloudfunctions.googleapis.com/v2/projects/sustainly-green/locations/us-central1/functions:generateUploadUrl {"uploadUrl":"https://storage.googleapis.com/gcf-v2-uploads-455549024774.us-central1.cloudfunctions.appspot.com/cd2441ff-9d44-4652-963f-e749538e4c7c.zip?GoogleAccessId=service-455549024774@gcf-admin-robot.iam.gserviceaccount.com&Expires=1768718663&Signature=PN6yyUOpKcLo4xX8wFjCRF60HffDHU8q%2BEmIIO1iNwhn%2Few0HQdmgw8YH%2FL0vnGQ0lE8WQ44arR%2FmRnKqgPcGkkkrJ7jdJh1hsdgltfMiJ0xSupH4R5KDa%2BtpjSM1DdikklVucm1G5vxZoNmJwY5SQokhb%2FLDzyWp%2Fz%2FLUq51HWUovPI3omnpoJNmhZKE%2FiDu0zqzlb815vETHSY7JsOhE%2BVi3sLrQsrjXyD2RMPfwoT3tlVyNoTEllp9Zmjm%2BYMBuMjT%2BQtD3eel04glfNJtWkqFgLR%2Fqp4RlAoh9VzzCyGURKpeLbBYK1Nn7VWBz6LolAlHdSo8ZW58MsgS99Mrw%3D%3D","storageSource":{"bucket":"gcf-v2-uploads-455549024774.us-central1.cloudfunctions.appspot.com","object":"cd2441ff-9d44-4652-963f-e749538e4c7c.zip"}}
[debug] [2026-01-18T06:14:22.819Z] >>> [apiv2][query] PUT https://storage.googleapis.com/gcf-v2-uploads-455549024774.us-central1.cloudfunctions.appspot.com/cd2441ff-9d44-4652-963f-e749538e4c7c.zip GoogleAccessId=service-455549024774%40gcf-admin-robot.iam.gserviceaccount.com&Expires=1768718663&Signature=PN6yyUOpKcLo4xX8wFjCRF60HffDHU8q%2BEmIIO1iNwhn%2Few0HQdmgw8YH%2FL0vnGQ0lE8WQ44arR%2FmRnKqgPcGkkkrJ7jdJh1hsdgltfMiJ0xSupH4R5KDa%2BtpjSM1DdikklVucm1G5vxZoNmJwY5SQokhb%2FLDzyWp%2Fz%2FLUq51HWUovPI3omnpoJNmhZKE%2FiDu0zqzlb815vETHSY7JsOhE%2BVi3sLrQsrjXyD2RMPfwoT3tlVyNoTEllp9Zmjm%2BYMBuMjT%2BQtD3eel04glfNJtWkqFgLR%2Fqp4RlAoh9VzzCyGURKpeLbBYK1Nn7VWBz6LolAlHdSo8ZW58MsgS99Mrw%3D%3D
[debug] [2026-01-18T06:14:22.819Z] >>> [apiv2][body] PUT https://storage.googleapis.com/gcf-v2-uploads-455549024774.us-central1.cloudfunctions.appspot.com/cd2441ff-9d44-4652-963f-e749538e4c7c.zip [stream]
[debug] [2026-01-18T06:14:24.354Z] <<< [apiv2][status] PUT https://storage.googleapis.com/gcf-v2-uploads-455549024774.us-central1.cloudfunctions.appspot.com/cd2441ff-9d44-4652-963f-e749538e4c7c.zip 200
[debug] [2026-01-18T06:14:24.354Z] <<< [apiv2][body] PUT https://storage.googleapis.com/gcf-v2-uploads-455549024774.us-central1.cloudfunctions.appspot.com/cd2441ff-9d44-4652-963f-e749538e4c7c.zip [omitted]
[info] +  functions: functions source uploaded successfully 
[info] i  functions: creating Node.js 24 (2nd Gen) function onRFQCreated(us-central1)... 
[debug] [2026-01-18T06:14:24.359Z] Checked if tokens are valid: true, expires at: 1768718318325
[debug] [2026-01-18T06:14:24.359Z] Checked if tokens are valid: true, expires at: 1768718318325
[debug] [2026-01-18T06:14:24.359Z] >>> [apiv2][query] POST https://cloudfunctions.googleapis.com/v2/projects/sustainly-green/locations/us-central1/functions functionId=onRFQCreated
[debug] [2026-01-18T06:14:24.359Z] >>> [apiv2][body] POST https://cloudfunctions.googleapis.com/v2/projects/sustainly-green/locations/us-central1/functions {"name":"projects/sustainly-green/locations/us-central1/functions/onRFQCreated","buildConfig":{"runtime":"nodejs24","entryPoint":"onRFQCreated","source":{"storageSource":{"bucket":"gcf-v2-uploads-455549024774.us-central1.cloudfunctions.appspot.com","object":"cd2441ff-9d44-4652-963f-e749538e4c7c.zip"}},"environmentVariables":{"GOOGLE_NODE_RUN_SCRIPTS":""}},"serviceConfig":{"environmentVariables":{"FIREBASE_CONFIG":"{\"projectId\":\"sustainly-green\",\"storageBucket\":\"sustainly-green.firebasestorage.app\"}","GCLOUD_PROJECT":"sustainly-green","EVENTARC_CLOUD_EVENT_SOURCE":"projects/sustainly-green/locations/us-central1/services/onRFQCreated","FUNCTION_SIGNATURE_TYPE":"cloudevent","FUNCTION_TARGET":"onRFQCreated","LOG_EXECUTION_ID":"true"},"secretEnvironmentVariables":[{"key":"SMTP_EMAIL","secret":"SMTP_EMAIL","projectId":"sustainly-green","version":"9"},{"key":"SMTP_PASSWORD","secret":"SMTP_PASSWORD","projectId":"sustainly-green","version":"5"}],"ingressSettings":null,"timeoutSeconds":null,"serviceAccountEmail":null,"availableMemory":"256Mi","minInstanceCount":null,"maxInstanceCount":null,"maxInstanceRequestConcurrency":80,"availableCpu":"1","vpcConnector":null,"vpcConnectorEgressSettings":null},"labels":{"deployment-tool":"cli-firebase","firebase-functions-hash":"e5329cb8d00dee023f56682e56b1882fe1f5d06a"},"eventTrigger":{"eventType":"google.cloud.firestore.document.v1.created","retryPolicy":"RETRY_POLICY_DO_NOT_RETRY","eventFilters":[{"attribute":"database","value":"(default)"},{"attribute":"namespace","value":"(default)"},{"attribute":"document","value":"rfqs/{rfqId}","operator":"match-path-pattern"}],"triggerRegion":"asia-south1"}}
[debug] [2026-01-18T06:14:26.445Z] <<< [apiv2][status] POST https://cloudfunctions.googleapis.com/v2/projects/sustainly-green/locations/us-central1/functions 200
[debug] [2026-01-18T06:14:26.445Z] <<< [apiv2][body] POST https://cloudfunctions.googleapis.com/v2/projects/sustainly-green/locations/us-central1/functions {"name":"projects/sustainly-green/locations/us-central1/operations/operation-1768716866245-648a37c855214-a779d77a-3cbc8fc1","metadata":{"@type":"type.googleapis.com/google.cloud.functions.v2.OperationMetadata","createTime":"2026-01-18T06:14:26.938997241Z","target":"projects/sustainly-green/locations/us-central1/functions/onRFQCreated","verb":"create","cancelRequested":false,"apiVersion":"v2"},"done":false}
[debug] [2026-01-18T06:14:26.446Z] Checked if tokens are valid: true, expires at: 1768718318325
[debug] [2026-01-18T06:14:26.446Z] Checked if tokens are valid: true, expires at: 1768718318325
[debug] [2026-01-18T06:14:26.446Z] >>> [apiv2][query] GET https://cloudfunctions.googleapis.com/v2/projects/sustainly-green/locations/us-central1/operations/operation-1768716866245-648a37c855214-a779d77a-3cbc8fc1 [none]
[debug] [2026-01-18T06:14:27.736Z] <<< [apiv2][status] GET https://cloudfunctions.googleapis.com/v2/projects/sustainly-green/locations/us-central1/operations/operation-1768716866245-648a37c855214-a779d77a-3cbc8fc1 200
[debug] [2026-01-18T06:14:27.736Z] <<< [apiv2][body] GET https://cloudfunctions.googleapis.com/v2/projects/sustainly-green/locations/us-central1/operations/operation-1768716866245-648a37c855214-a779d77a-3cbc8fc1 {"name":"projects/sustainly-green/locations/us-central1/operations/operation-1768716866245-648a37c855214-a779d77a-3cbc8fc1","metadata":{"@type":"type.googleapis.com/google.cloud.functions.v2.OperationMetadata","createTime":"2026-01-18T06:14:26.938997241Z","target":"projects/sustainly-green/locations/us-central1/functions/onRFQCreated","verb":"create","cancelRequested":false,"apiVersion":"v2","requestResource":{"@type":"type.googleapis.com/google.cloud.functions.v2.Function","name":"projects/sustainly-green/locations/us-central1/functions/onRFQCreated","buildConfig":{"runtime":"nodejs24","entryPoint":"onRFQCreated","source":{"storageSource":{"bucket":"gcf-v2-sources-455549024774-us-central1","object":"onRFQCreated/function-source.zip","generation":"1768716866446073"}},"environmentVariables":{"GOOGLE_NODE_RUN_SCRIPTS":""},"serviceAccount":"projects/sustainly-green/serviceAccounts/455549024774-compute@developer.gserviceaccount.com","automaticUpdatePolicy":{}},"serviceConfig":{"service":"projects/sustainly-green/locations/us-central1/services/onrfqcreated","timeoutSeconds":60,"environmentVariables":{"FIREBASE_CONFIG":"{\"projectId\":\"sustainly-green\",\"storageBucket\":\"sustainly-green.firebasestorage.app\"}","GCLOUD_PROJECT":"sustainly-green","EVENTARC_CLOUD_EVENT_SOURCE":"projects/sustainly-green/locations/us-central1/services/onRFQCreated","FUNCTION_SIGNATURE_TYPE":"cloudevent","FUNCTION_TARGET":"onRFQCreated","LOG_EXECUTION_ID":"true"},"ingressSettings":"ALLOW_ALL","serviceAccountEmail":"455549024774-compute@developer.gserviceaccount.com","availableMemory":"256Mi","secretEnvironmentVariables":[{"key":"SMTP_EMAIL","projectId":"sustainly-green","secret":"SMTP_EMAIL","version":"9"},{"key":"SMTP_PASSWORD","projectId":"sustainly-green","secret":"SMTP_PASSWORD","version":"5"}],"maxInstanceRequestConcurrency":80,"availableCpu":"1"},"eventTrigger":{"trigger":"projects/sustainly-green/locations/asia-south1/triggers/onrfqcreated-697534","triggerRegion":"asia-south1","eventType":"google.cloud.firestore.document.v1.created","eventFilters":[{"attribute":"database","value":"(default)"},{"attribute":"namespace","value":"(default)"},{"attribute":"document","value":"rfqs/{rfqId}","operator":"match-path-pattern"}],"serviceAccountEmail":"455549024774-compute@developer.gserviceaccount.com","retryPolicy":"RETRY_POLICY_DO_NOT_RETRY"},"labels":{"deployment-tool":"cli-firebase","firebase-functions-hash":"e5329cb8d00dee023f56682e56b1882fe1f5d06a"},"environment":"GEN_2"},"stages":[{"name":"BUILD","message":"Build in progress","state":"IN_PROGRESS","resource":"projects/455549024774/locations/us-central1/builds/373e1f6a-8f82-48d1-a43b-8b5ecb145c57","resourceUri":"https://console.cloud.google.com/cloud-build/builds;region=us-central1/373e1f6a-8f82-48d1-a43b-8b5ecb145c57?project=455549024774"},{"name":"SERVICE","state":"NOT_STARTED"},{"name":"TRIGGER","state":"NOT_STARTED"}],"operationType":"CREATE_FUNCTION","buildName":"projects/455549024774/locations/us-central1/builds/373e1f6a-8f82-48d1-a43b-8b5ecb145c57"},"done":false}
[debug] [2026-01-18T06:14:28.240Z] [create-default-us-central1-onRFQCreated] Retrying task index 0
[debug] [2026-01-18T06:14:28.241Z] Checked if tokens are valid: true, expires at: 1768718318325
[debug] [2026-01-18T06:14:28.241Z] Checked if tokens are valid: true, expires at: 1768718318325
[debug] [2026-01-18T06:14:28.241Z] >>> [apiv2][query] GET https://cloudfunctions.googleapis.com/v2/projects/sustainly-green/locations/us-central1/operations/operation-1768716866245-648a37c855214-a779d77a-3cbc8fc1 [none]
[debug] [2026-01-18T06:14:29.570Z] <<< [apiv2][status] GET https://cloudfunctions.googleapis.com/v2/projects/sustainly-green/locations/us-central1/operations/operation-1768716866245-648a37c855214-a779d77a-3cbc8fc1 200
[debug] [2026-01-18T06:14:29.570Z] <<< [apiv2][body] GET https://cloudfunctions.googleapis.com/v2/projects/sustainly-green/locations/us-central1/operations/operation-1768716866245-648a37c855214-a779d77a-3cbc8fc1 {"name":"projects/sustainly-green/locations/us-central1/operations/operation-1768716866245-648a37c855214-a779d77a-3cbc8fc1","metadata":{"@type":"type.googleapis.com/google.cloud.functions.v2.OperationMetadata","createTime":"2026-01-18T06:14:26.938997241Z","target":"projects/sustainly-green/locations/us-central1/functions/onRFQCreated","verb":"create","cancelRequested":false,"apiVersion":"v2","requestResource":{"@type":"type.googleapis.com/google.cloud.functions.v2.Function","name":"projects/sustainly-green/locations/us-central1/functions/onRFQCreated","buildConfig":{"runtime":"nodejs24","entryPoint":"onRFQCreated","source":{"storageSource":{"bucket":"gcf-v2-sources-455549024774-us-central1","object":"onRFQCreated/function-source.zip","generation":"1768716866446073"}},"environmentVariables":{"GOOGLE_NODE_RUN_SCRIPTS":""},"serviceAccount":"projects/sustainly-green/serviceAccounts/455549024774-compute@developer.gserviceaccount.com","automaticUpdatePolicy":{}},"serviceConfig":{"service":"projects/sustainly-green/locations/us-central1/services/onrfqcreated","timeoutSeconds":60,"environmentVariables":{"FIREBASE_CONFIG":"{\"projectId\":\"sustainly-green\",\"storageBucket\":\"sustainly-green.firebasestorage.app\"}","GCLOUD_PROJECT":"sustainly-green","EVENTARC_CLOUD_EVENT_SOURCE":"projects/sustainly-green/locations/us-central1/services/onRFQCreated","FUNCTION_SIGNATURE_TYPE":"cloudevent","FUNCTION_TARGET":"onRFQCreated","LOG_EXECUTION_ID":"true"},"ingressSettings":"ALLOW_ALL","serviceAccountEmail":"455549024774-compute@developer.gserviceaccount.com","availableMemory":"256Mi","secretEnvironmentVariables":[{"key":"SMTP_EMAIL","projectId":"sustainly-green","secret":"SMTP_EMAIL","version":"9"},{"key":"SMTP_PASSWORD","projectId":"sustainly-green","secret":"SMTP_PASSWORD","version":"5"}],"maxInstanceRequestConcurrency":80,"availableCpu":"1"},"eventTrigger":{"trigger":"projects/sustainly-green/locations/asia-south1/triggers/onrfqcreated-697534","triggerRegion":"asia-south1","eventType":"google.cloud.firestore.document.v1.created","eventFilters":[{"attribute":"database","value":"(default)"},{"attribute":"namespace","value":"(default)"},{"attribute":"document","value":"rfqs/{rfqId}","operator":"match-path-pattern"}],"serviceAccountEmail":"455549024774-compute@developer.gserviceaccount.com","retryPolicy":"RETRY_POLICY_DO_NOT_RETRY"},"labels":{"deployment-tool":"cli-firebase","firebase-functions-hash":"e5329cb8d00dee023f56682e56b1882fe1f5d06a"},"environment":"GEN_2"},"stages":[{"name":"BUILD","message":"Build in progress","state":"IN_PROGRESS","resource":"projects/455549024774/locations/us-central1/builds/373e1f6a-8f82-48d1-a43b-8b5ecb145c57","resourceUri":"https://console.cloud.google.com/cloud-build/builds;region=us-central1/373e1f6a-8f82-48d1-a43b-8b5ecb145c57?project=455549024774"},{"name":"SERVICE","state":"NOT_STARTED"},{"name":"TRIGGER","state":"NOT_STARTED"}],"operationType":"CREATE_FUNCTION","buildName":"projects/455549024774/locations/us-central1/builds/373e1f6a-8f82-48d1-a43b-8b5ecb145c57"},"done":false}
[debug] [2026-01-18T06:14:30.576Z] [create-default-us-central1-onRFQCreated] Retrying task index 0
[debug] [2026-01-18T06:14:30.576Z] Checked if tokens are valid: true, expires at: 1768718318325
[debug] [2026-01-18T06:14:30.576Z] Checked if tokens are valid: true, expires at: 1768718318325
[debug] [2026-01-18T06:14:30.576Z] >>> [apiv2][query] GET https://cloudfunctions.googleapis.com/v2/projects/sustainly-green/locations/us-central1/operations/operation-1768716866245-648a37c855214-a779d77a-3cbc8fc1 [none]
[debug] [2026-01-18T06:14:31.896Z] <<< [apiv2][status] GET https://cloudfunctions.googleapis.com/v2/projects/sustainly-green/locations/us-central1/operations/operation-1768716866245-648a37c855214-a779d77a-3cbc8fc1 200
[debug] [2026-01-18T06:14:31.897Z] <<< [apiv2][body] GET https://cloudfunctions.googleapis.com/v2/projects/sustainly-green/locations/us-central1/operations/operation-1768716866245-648a37c855214-a779d77a-3cbc8fc1 {"name":"projects/sustainly-green/locations/us-central1/operations/operation-1768716866245-648a37c855214-a779d77a-3cbc8fc1","metadata":{"@type":"type.googleapis.com/google.cloud.functions.v2.OperationMetadata","createTime":"2026-01-18T06:14:26.938997241Z","target":"projects/sustainly-green/locations/us-central1/functions/onRFQCreated","verb":"create","cancelRequested":false,"apiVersion":"v2","requestResource":{"@type":"type.googleapis.com/google.cloud.functions.v2.Function","name":"projects/sustainly-green/locations/us-central1/functions/onRFQCreated","buildConfig":{"runtime":"nodejs24","entryPoint":"onRFQCreated","source":{"storageSource":{"bucket":"gcf-v2-sources-455549024774-us-central1","object":"onRFQCreated/function-source.zip","generation":"1768716866446073"}},"environmentVariables":{"GOOGLE_NODE_RUN_SCRIPTS":""},"serviceAccount":"projects/sustainly-green/serviceAccounts/455549024774-compute@developer.gserviceaccount.com","automaticUpdatePolicy":{}},"serviceConfig":{"service":"projects/sustainly-green/locations/us-central1/services/onrfqcreated","timeoutSeconds":60,"environmentVariables":{"FIREBASE_CONFIG":"{\"projectId\":\"sustainly-green\",\"storageBucket\":\"sustainly-green.firebasestorage.app\"}","GCLOUD_PROJECT":"sustainly-green","EVENTARC_CLOUD_EVENT_SOURCE":"projects/sustainly-green/locations/us-central1/services/onRFQCreated","FUNCTION_SIGNATURE_TYPE":"cloudevent","FUNCTION_TARGET":"onRFQCreated","LOG_EXECUTION_ID":"true"},"ingressSettings":"ALLOW_ALL","serviceAccountEmail":"455549024774-compute@developer.gserviceaccount.com","availableMemory":"256Mi","secretEnvironmentVariables":[{"key":"SMTP_EMAIL","projectId":"sustainly-green","secret":"SMTP_EMAIL","version":"9"},{"key":"SMTP_PASSWORD","projectId":"sustainly-green","secret":"SMTP_PASSWORD","version":"5"}],"maxInstanceRequestConcurrency":80,"availableCpu":"1"},"eventTrigger":{"trigger":"projects/sustainly-green/locations/asia-south1/triggers/onrfqcreated-697534","triggerRegion":"asia-south1","eventType":"google.cloud.firestore.document.v1.created","eventFilters":[{"attribute":"database","value":"(default)"},{"attribute":"namespace","value":"(default)"},{"attribute":"document","value":"rfqs/{rfqId}","operator":"match-path-pattern"}],"serviceAccountEmail":"455549024774-compute@developer.gserviceaccount.com","retryPolicy":"RETRY_POLICY_DO_NOT_RETRY"},"labels":{"deployment-tool":"cli-firebase","firebase-functions-hash":"e5329cb8d00dee023f56682e56b1882fe1f5d06a"},"environment":"GEN_2"},"stages":[{"name":"BUILD","message":"Build in progress","state":"IN_PROGRESS","resource":"projects/455549024774/locations/us-central1/builds/373e1f6a-8f82-48d1-a43b-8b5ecb145c57","resourceUri":"https://console.cloud.google.com/cloud-build/builds;region=us-central1/373e1f6a-8f82-48d1-a43b-8b5ecb145c57?project=455549024774"},{"name":"SERVICE","state":"NOT_STARTED"},{"name":"TRIGGER","state":"NOT_STARTED"}],"operationType":"CREATE_FUNCTION","buildName":"projects/455549024774/locations/us-central1/builds/373e1f6a-8f82-48d1-a43b-8b5ecb145c57"},"done":false}
[debug] [2026-01-18T06:14:33.900Z] [create-default-us-central1-onRFQCreated] Retrying task index 0
[debug] [2026-01-18T06:14:33.901Z] Checked if tokens are valid: true, expires at: 1768718318325
[debug] [2026-01-18T06:14:33.901Z] Checked if tokens are valid: true, expires at: 1768718318325
[debug] [2026-01-18T06:14:33.901Z] >>> [apiv2][query] GET https://cloudfunctions.googleapis.com/v2/projects/sustainly-green/locations/us-central1/operations/operation-1768716866245-648a37c855214-a779d77a-3cbc8fc1 [none]
[debug] [2026-01-18T06:14:35.217Z] <<< [apiv2][status] GET https://cloudfunctions.googleapis.com/v2/projects/sustainly-green/locations/us-central1/operations/operation-1768716866245-648a37c855214-a779d77a-3cbc8fc1 200
[debug] [2026-01-18T06:14:35.217Z] <<< [apiv2][body] GET https://cloudfunctions.googleapis.com/v2/projects/sustainly-green/locations/us-central1/operations/operation-1768716866245-648a37c855214-a779d77a-3cbc8fc1 {"name":"projects/sustainly-green/locations/us-central1/operations/operation-1768716866245-648a37c855214-a779d77a-3cbc8fc1","metadata":{"@type":"type.googleapis.com/google.cloud.functions.v2.OperationMetadata","createTime":"2026-01-18T06:14:26.938997241Z","target":"projects/sustainly-green/locations/us-central1/functions/onRFQCreated","verb":"create","cancelRequested":false,"apiVersion":"v2","requestResource":{"@type":"type.googleapis.com/google.cloud.functions.v2.Function","name":"projects/sustainly-green/locations/us-central1/functions/onRFQCreated","buildConfig":{"runtime":"nodejs24","entryPoint":"onRFQCreated","source":{"storageSource":{"bucket":"gcf-v2-sources-455549024774-us-central1","object":"onRFQCreated/function-source.zip","generation":"1768716866446073"}},"environmentVariables":{"GOOGLE_NODE_RUN_SCRIPTS":""},"serviceAccount":"projects/sustainly-green/serviceAccounts/455549024774-compute@developer.gserviceaccount.com","automaticUpdatePolicy":{}},"serviceConfig":{"service":"projects/sustainly-green/locations/us-central1/services/onrfqcreated","timeoutSeconds":60,"environmentVariables":{"FIREBASE_CONFIG":"{\"projectId\":\"sustainly-green\",\"storageBucket\":\"sustainly-green.firebasestorage.app\"}","GCLOUD_PROJECT":"sustainly-green","EVENTARC_CLOUD_EVENT_SOURCE":"projects/sustainly-green/locations/us-central1/services/onRFQCreated","FUNCTION_SIGNATURE_TYPE":"cloudevent","FUNCTION_TARGET":"onRFQCreated","LOG_EXECUTION_ID":"true"},"ingressSettings":"ALLOW_ALL","serviceAccountEmail":"455549024774-compute@developer.gserviceaccount.com","availableMemory":"256Mi","secretEnvironmentVariables":[{"key":"SMTP_EMAIL","projectId":"sustainly-green","secret":"SMTP_EMAIL","version":"9"},{"key":"SMTP_PASSWORD","projectId":"sustainly-green","secret":"SMTP_PASSWORD","version":"5"}],"maxInstanceRequestConcurrency":80,"availableCpu":"1"},"eventTrigger":{"trigger":"projects/sustainly-green/locations/asia-south1/triggers/onrfqcreated-697534","triggerRegion":"asia-south1","eventType":"google.cloud.firestore.document.v1.created","eventFilters":[{"attribute":"database","value":"(default)"},{"attribute":"namespace","value":"(default)"},{"attribute":"document","value":"rfqs/{rfqId}","operator":"match-path-pattern"}],"serviceAccountEmail":"455549024774-compute@developer.gserviceaccount.com","retryPolicy":"RETRY_POLICY_DO_NOT_RETRY"},"labels":{"deployment-tool":"cli-firebase","firebase-functions-hash":"e5329cb8d00dee023f56682e56b1882fe1f5d06a"},"environment":"GEN_2"},"stages":[{"name":"BUILD","message":"Build in progress","state":"IN_PROGRESS","resource":"projects/455549024774/locations/us-central1/builds/373e1f6a-8f82-48d1-a43b-8b5ecb145c57","resourceUri":"https://console.cloud.google.com/cloud-build/builds;region=us-central1/373e1f6a-8f82-48d1-a43b-8b5ecb145c57?project=455549024774"},{"name":"SERVICE","state":"NOT_STARTED"},{"name":"TRIGGER","state":"NOT_STARTED"}],"operationType":"CREATE_FUNCTION","buildName":"projects/455549024774/locations/us-central1/builds/373e1f6a-8f82-48d1-a43b-8b5ecb145c57"},"done":false}
[debug] [2026-01-18T06:14:39.229Z] [create-default-us-central1-onRFQCreated] Retrying task index 0
[debug] [2026-01-18T06:14:39.230Z] Checked if tokens are valid: true, expires at: 1768718318325
[debug] [2026-01-18T06:14:39.230Z] Checked if tokens are valid: true, expires at: 1768718318325
[debug] [2026-01-18T06:14:39.230Z] >>> [apiv2][query] GET https://cloudfunctions.googleapis.com/v2/projects/sustainly-green/locations/us-central1/operations/operation-1768716866245-648a37c855214-a779d77a-3cbc8fc1 [none]
[debug] [2026-01-18T06:14:40.559Z] <<< [apiv2][status] GET https://cloudfunctions.googleapis.com/v2/projects/sustainly-green/locations/us-central1/operations/operation-1768716866245-648a37c855214-a779d77a-3cbc8fc1 200
[debug] [2026-01-18T06:14:40.560Z] <<< [apiv2][body] GET https://cloudfunctions.googleapis.com/v2/projects/sustainly-green/locations/us-central1/operations/operation-1768716866245-648a37c855214-a779d77a-3cbc8fc1 {"name":"projects/sustainly-green/locations/us-central1/operations/operation-1768716866245-648a37c855214-a779d77a-3cbc8fc1","metadata":{"@type":"type.googleapis.com/google.cloud.functions.v2.OperationMetadata","createTime":"2026-01-18T06:14:26.938997241Z","target":"projects/sustainly-green/locations/us-central1/functions/onRFQCreated","verb":"create","cancelRequested":false,"apiVersion":"v2","requestResource":{"@type":"type.googleapis.com/google.cloud.functions.v2.Function","name":"projects/sustainly-green/locations/us-central1/functions/onRFQCreated","buildConfig":{"runtime":"nodejs24","entryPoint":"onRFQCreated","source":{"storageSource":{"bucket":"gcf-v2-sources-455549024774-us-central1","object":"onRFQCreated/function-source.zip","generation":"1768716866446073"}},"environmentVariables":{"GOOGLE_NODE_RUN_SCRIPTS":""},"serviceAccount":"projects/sustainly-green/serviceAccounts/455549024774-compute@developer.gserviceaccount.com","automaticUpdatePolicy":{}},"serviceConfig":{"service":"projects/sustainly-green/locations/us-central1/services/onrfqcreated","timeoutSeconds":60,"environmentVariables":{"FIREBASE_CONFIG":"{\"projectId\":\"sustainly-green\",\"storageBucket\":\"sustainly-green.firebasestorage.app\"}","GCLOUD_PROJECT":"sustainly-green","EVENTARC_CLOUD_EVENT_SOURCE":"projects/sustainly-green/locations/us-central1/services/onRFQCreated","FUNCTION_SIGNATURE_TYPE":"cloudevent","FUNCTION_TARGET":"onRFQCreated","LOG_EXECUTION_ID":"true"},"ingressSettings":"ALLOW_ALL","serviceAccountEmail":"455549024774-compute@developer.gserviceaccount.com","availableMemory":"256Mi","secretEnvironmentVariables":[{"key":"SMTP_EMAIL","projectId":"sustainly-green","secret":"SMTP_EMAIL","version":"9"},{"key":"SMTP_PASSWORD","projectId":"sustainly-green","secret":"SMTP_PASSWORD","version":"5"}],"maxInstanceRequestConcurrency":80,"availableCpu":"1"},"eventTrigger":{"trigger":"projects/sustainly-green/locations/asia-south1/triggers/onrfqcreated-697534","triggerRegion":"asia-south1","eventType":"google.cloud.firestore.document.v1.created","eventFilters":[{"attribute":"database","value":"(default)"},{"attribute":"namespace","value":"(default)"},{"attribute":"document","value":"rfqs/{rfqId}","operator":"match-path-pattern"}],"serviceAccountEmail":"455549024774-compute@developer.gserviceaccount.com","retryPolicy":"RETRY_POLICY_DO_NOT_RETRY"},"labels":{"deployment-tool":"cli-firebase","firebase-functions-hash":"e5329cb8d00dee023f56682e56b1882fe1f5d06a"},"environment":"GEN_2"},"stages":[{"name":"BUILD","message":"Build in progress","state":"IN_PROGRESS","resource":"projects/455549024774/locations/us-central1/builds/373e1f6a-8f82-48d1-a43b-8b5ecb145c57","resourceUri":"https://console.cloud.google.com/cloud-build/builds;region=us-central1/373e1f6a-8f82-48d1-a43b-8b5ecb145c57?project=455549024774"},{"name":"SERVICE","state":"NOT_STARTED"},{"name":"TRIGGER","state":"NOT_STARTED"}],"operationType":"CREATE_FUNCTION","buildName":"projects/455549024774/locations/us-central1/builds/373e1f6a-8f82-48d1-a43b-8b5ecb145c57"},"done":false}
[debug] [2026-01-18T06:14:48.561Z] [create-default-us-central1-onRFQCreated] Retrying task index 0
[debug] [2026-01-18T06:14:48.561Z] Checked if tokens are valid: true, expires at: 1768718318325
[debug] [2026-01-18T06:14:48.561Z] Checked if tokens are valid: true, expires at: 1768718318325
[debug] [2026-01-18T06:14:48.561Z] >>> [apiv2][query] GET https://cloudfunctions.googleapis.com/v2/projects/sustainly-green/locations/us-central1/operations/operation-1768716866245-648a37c855214-a779d77a-3cbc8fc1 [none]
[debug] [2026-01-18T06:14:50.670Z] <<< [apiv2][status] GET https://cloudfunctions.googleapis.com/v2/projects/sustainly-green/locations/us-central1/operations/operation-1768716866245-648a37c855214-a779d77a-3cbc8fc1 200
[debug] [2026-01-18T06:14:50.670Z] <<< [apiv2][body] GET https://cloudfunctions.googleapis.com/v2/projects/sustainly-green/locations/us-central1/operations/operation-1768716866245-648a37c855214-a779d77a-3cbc8fc1 {"name":"projects/sustainly-green/locations/us-central1/operations/operation-1768716866245-648a37c855214-a779d77a-3cbc8fc1","metadata":{"@type":"type.googleapis.com/google.cloud.functions.v2.OperationMetadata","createTime":"2026-01-18T06:14:26.938997241Z","target":"projects/sustainly-green/locations/us-central1/functions/onRFQCreated","verb":"create","cancelRequested":false,"apiVersion":"v2","requestResource":{"@type":"type.googleapis.com/google.cloud.functions.v2.Function","name":"projects/sustainly-green/locations/us-central1/functions/onRFQCreated","buildConfig":{"runtime":"nodejs24","entryPoint":"onRFQCreated","source":{"storageSource":{"bucket":"gcf-v2-sources-455549024774-us-central1","object":"onRFQCreated/function-source.zip","generation":"1768716866446073"}},"environmentVariables":{"GOOGLE_NODE_RUN_SCRIPTS":""},"serviceAccount":"projects/sustainly-green/serviceAccounts/455549024774-compute@developer.gserviceaccount.com","automaticUpdatePolicy":{}},"serviceConfig":{"service":"projects/sustainly-green/locations/us-central1/services/onrfqcreated","timeoutSeconds":60,"environmentVariables":{"FIREBASE_CONFIG":"{\"projectId\":\"sustainly-green\",\"storageBucket\":\"sustainly-green.firebasestorage.app\"}","GCLOUD_PROJECT":"sustainly-green","EVENTARC_CLOUD_EVENT_SOURCE":"projects/sustainly-green/locations/us-central1/services/onRFQCreated","FUNCTION_SIGNATURE_TYPE":"cloudevent","FUNCTION_TARGET":"onRFQCreated","LOG_EXECUTION_ID":"true"},"ingressSettings":"ALLOW_ALL","serviceAccountEmail":"455549024774-compute@developer.gserviceaccount.com","availableMemory":"256Mi","secretEnvironmentVariables":[{"key":"SMTP_EMAIL","projectId":"sustainly-green","secret":"SMTP_EMAIL","version":"9"},{"key":"SMTP_PASSWORD","projectId":"sustainly-green","secret":"SMTP_PASSWORD","version":"5"}],"maxInstanceRequestConcurrency":80,"availableCpu":"1"},"eventTrigger":{"trigger":"projects/sustainly-green/locations/asia-south1/triggers/onrfqcreated-697534","triggerRegion":"asia-south1","eventType":"google.cloud.firestore.document.v1.created","eventFilters":[{"attribute":"database","value":"(default)"},{"attribute":"namespace","value":"(default)"},{"attribute":"document","value":"rfqs/{rfqId}","operator":"match-path-pattern"}],"serviceAccountEmail":"455549024774-compute@developer.gserviceaccount.com","retryPolicy":"RETRY_POLICY_DO_NOT_RETRY"},"labels":{"deployment-tool":"cli-firebase","firebase-functions-hash":"e5329cb8d00dee023f56682e56b1882fe1f5d06a"},"environment":"GEN_2"},"stages":[{"name":"BUILD","message":"Build in progress","state":"IN_PROGRESS","resource":"projects/455549024774/locations/us-central1/builds/373e1f6a-8f82-48d1-a43b-8b5ecb145c57","resourceUri":"https://console.cloud.google.com/cloud-build/builds;region=us-central1/373e1f6a-8f82-48d1-a43b-8b5ecb145c57?project=455549024774"},{"name":"SERVICE","state":"NOT_STARTED"},{"name":"TRIGGER","state":"NOT_STARTED"}],"operationType":"CREATE_FUNCTION","buildName":"projects/455549024774/locations/us-central1/builds/373e1f6a-8f82-48d1-a43b-8b5ecb145c57"},"done":false}
[debug] [2026-01-18T06:15:00.673Z] [create-default-us-central1-onRFQCreated] Retrying task index 0
[debug] [2026-01-18T06:15:00.673Z] Checked if tokens are valid: true, expires at: 1768718318325
[debug] [2026-01-18T06:15:00.673Z] Checked if tokens are valid: true, expires at: 1768718318325
[debug] [2026-01-18T06:15:00.673Z] >>> [apiv2][query] GET https://cloudfunctions.googleapis.com/v2/projects/sustainly-green/locations/us-central1/operations/operation-1768716866245-648a37c855214-a779d77a-3cbc8fc1 [none]
[debug] [2026-01-18T06:15:01.113Z] <<< [apiv2][status] GET https://cloudfunctions.googleapis.com/v2/projects/sustainly-green/locations/us-central1/operations/operation-1768716866245-648a37c855214-a779d77a-3cbc8fc1 200
[debug] [2026-01-18T06:15:01.114Z] <<< [apiv2][body] GET https://cloudfunctions.googleapis.com/v2/projects/sustainly-green/locations/us-central1/operations/operation-1768716866245-648a37c855214-a779d77a-3cbc8fc1 {"name":"projects/sustainly-green/locations/us-central1/operations/operation-1768716866245-648a37c855214-a779d77a-3cbc8fc1","metadata":{"@type":"type.googleapis.com/google.cloud.functions.v2.OperationMetadata","createTime":"2026-01-18T06:14:26.938997241Z","target":"projects/sustainly-green/locations/us-central1/functions/onRFQCreated","verb":"create","cancelRequested":false,"apiVersion":"v2","requestResource":{"@type":"type.googleapis.com/google.cloud.functions.v2.Function","name":"projects/sustainly-green/locations/us-central1/functions/onRFQCreated","buildConfig":{"runtime":"nodejs24","entryPoint":"onRFQCreated","source":{"storageSource":{"bucket":"gcf-v2-sources-455549024774-us-central1","object":"onRFQCreated/function-source.zip","generation":"1768716866446073"}},"environmentVariables":{"GOOGLE_NODE_RUN_SCRIPTS":""},"serviceAccount":"projects/sustainly-green/serviceAccounts/455549024774-compute@developer.gserviceaccount.com","automaticUpdatePolicy":{}},"serviceConfig":{"service":"projects/sustainly-green/locations/us-central1/services/onrfqcreated","timeoutSeconds":60,"environmentVariables":{"FIREBASE_CONFIG":"{\"projectId\":\"sustainly-green\",\"storageBucket\":\"sustainly-green.firebasestorage.app\"}","GCLOUD_PROJECT":"sustainly-green","EVENTARC_CLOUD_EVENT_SOURCE":"projects/sustainly-green/locations/us-central1/services/onRFQCreated","FUNCTION_SIGNATURE_TYPE":"cloudevent","FUNCTION_TARGET":"onRFQCreated","LOG_EXECUTION_ID":"true"},"ingressSettings":"ALLOW_ALL","serviceAccountEmail":"455549024774-compute@developer.gserviceaccount.com","availableMemory":"256Mi","secretEnvironmentVariables":[{"key":"SMTP_EMAIL","projectId":"sustainly-green","secret":"SMTP_EMAIL","version":"9"},{"key":"SMTP_PASSWORD","projectId":"sustainly-green","secret":"SMTP_PASSWORD","version":"5"}],"maxInstanceRequestConcurrency":80,"availableCpu":"1"},"eventTrigger":{"trigger":"projects/sustainly-green/locations/asia-south1/triggers/onrfqcreated-697534","triggerRegion":"asia-south1","eventType":"google.cloud.firestore.document.v1.created","eventFilters":[{"attribute":"database","value":"(default)"},{"attribute":"namespace","value":"(default)"},{"attribute":"document","value":"rfqs/{rfqId}","operator":"match-path-pattern"}],"serviceAccountEmail":"455549024774-compute@developer.gserviceaccount.com","retryPolicy":"RETRY_POLICY_DO_NOT_RETRY"},"labels":{"deployment-tool":"cli-firebase","firebase-functions-hash":"e5329cb8d00dee023f56682e56b1882fe1f5d06a"},"environment":"GEN_2"},"stages":[{"name":"BUILD","message":"Build in progress","state":"IN_PROGRESS","resource":"projects/455549024774/locations/us-central1/builds/373e1f6a-8f82-48d1-a43b-8b5ecb145c57","resourceUri":"https://console.cloud.google.com/cloud-build/builds;region=us-central1/373e1f6a-8f82-48d1-a43b-8b5ecb145c57?project=455549024774"},{"name":"SERVICE","state":"NOT_STARTED"},{"name":"TRIGGER","state":"NOT_STARTED"}],"operationType":"CREATE_FUNCTION","buildName":"projects/455549024774/locations/us-central1/builds/373e1f6a-8f82-48d1-a43b-8b5ecb145c57"},"done":false}
[debug] [2026-01-18T06:15:11.123Z] [create-default-us-central1-onRFQCreated] Retrying task index 0
[debug] [2026-01-18T06:15:11.123Z] Checked if tokens are valid: true, expires at: 1768718318325
[debug] [2026-01-18T06:15:11.123Z] Checked if tokens are valid: true, expires at: 1768718318325
[debug] [2026-01-18T06:15:11.123Z] >>> [apiv2][query] GET https://cloudfunctions.googleapis.com/v2/projects/sustainly-green/locations/us-central1/operations/operation-1768716866245-648a37c855214-a779d77a-3cbc8fc1 [none]
[debug] [2026-01-18T06:15:12.584Z] <<< [apiv2][status] GET https://cloudfunctions.googleapis.com/v2/projects/sustainly-green/locations/us-central1/operations/operation-1768716866245-648a37c855214-a779d77a-3cbc8fc1 200
[debug] [2026-01-18T06:15:12.584Z] <<< [apiv2][body] GET https://cloudfunctions.googleapis.com/v2/projects/sustainly-green/locations/us-central1/operations/operation-1768716866245-648a37c855214-a779d77a-3cbc8fc1 {"name":"projects/sustainly-green/locations/us-central1/operations/operation-1768716866245-648a37c855214-a779d77a-3cbc8fc1","metadata":{"@type":"type.googleapis.com/google.cloud.functions.v2.OperationMetadata","createTime":"2026-01-18T06:14:26.938997241Z","target":"projects/sustainly-green/locations/us-central1/functions/onRFQCreated","verb":"create","cancelRequested":false,"apiVersion":"v2","requestResource":{"@type":"type.googleapis.com/google.cloud.functions.v2.Function","name":"projects/sustainly-green/locations/us-central1/functions/onRFQCreated","buildConfig":{"runtime":"nodejs24","entryPoint":"onRFQCreated","source":{"storageSource":{"bucket":"gcf-v2-sources-455549024774-us-central1","object":"onRFQCreated/function-source.zip","generation":"1768716866446073"}},"environmentVariables":{"GOOGLE_NODE_RUN_SCRIPTS":""},"serviceAccount":"projects/sustainly-green/serviceAccounts/455549024774-compute@developer.gserviceaccount.com","automaticUpdatePolicy":{}},"serviceConfig":{"service":"projects/sustainly-green/locations/us-central1/services/onrfqcreated","timeoutSeconds":60,"environmentVariables":{"FIREBASE_CONFIG":"{\"projectId\":\"sustainly-green\",\"storageBucket\":\"sustainly-green.firebasestorage.app\"}","GCLOUD_PROJECT":"sustainly-green","EVENTARC_CLOUD_EVENT_SOURCE":"projects/sustainly-green/locations/us-central1/services/onRFQCreated","FUNCTION_SIGNATURE_TYPE":"cloudevent","FUNCTION_TARGET":"onRFQCreated","LOG_EXECUTION_ID":"true"},"ingressSettings":"ALLOW_ALL","serviceAccountEmail":"455549024774-compute@developer.gserviceaccount.com","availableMemory":"256Mi","secretEnvironmentVariables":[{"key":"SMTP_EMAIL","projectId":"sustainly-green","secret":"SMTP_EMAIL","version":"9"},{"key":"SMTP_PASSWORD","projectId":"sustainly-green","secret":"SMTP_PASSWORD","version":"5"}],"maxInstanceRequestConcurrency":80,"availableCpu":"1"},"eventTrigger":{"trigger":"projects/sustainly-green/locations/asia-south1/triggers/onrfqcreated-697534","triggerRegion":"asia-south1","eventType":"google.cloud.firestore.document.v1.created","eventFilters":[{"attribute":"database","value":"(default)"},{"attribute":"namespace","value":"(default)"},{"attribute":"document","value":"rfqs/{rfqId}","operator":"match-path-pattern"}],"serviceAccountEmail":"455549024774-compute@developer.gserviceaccount.com","retryPolicy":"RETRY_POLICY_DO_NOT_RETRY"},"labels":{"deployment-tool":"cli-firebase","firebase-functions-hash":"e5329cb8d00dee023f56682e56b1882fe1f5d06a"},"environment":"GEN_2"},"stages":[{"name":"BUILD","message":"Build finished","state":"COMPLETE","resource":"projects/455549024774/locations/us-central1/builds/373e1f6a-8f82-48d1-a43b-8b5ecb145c57","resourceUri":"https://console.cloud.google.com/cloud-build/builds;region=us-central1/373e1f6a-8f82-48d1-a43b-8b5ecb145c57?project=455549024774"},{"name":"SERVICE","message":"Creating Cloud Run service","state":"IN_PROGRESS","resource":"projects/sustainly-green/locations/us-central1/services/onrfqcreated","resourceUri":"https://console.cloud.google.com/run/detail/us-central1/onrfqcreated?project=sustainly-green"},{"name":"TRIGGER","state":"NOT_STARTED"}],"sourceToken":"Cldwcm9qZWN0cy80NTU1NDkwMjQ3NzQvbG9jYXRpb25zL3VzLWNlbnRyYWwxL2J1aWxkcy8zNzNlMWY2YS04ZjgyLTQ4ZDEtYTQzYi04YjVlY2IxNDVjNTcSc3VzLWNlbnRyYWwxLWRvY2tlci5wa2cuZGV2L3N1c3RhaW5seS1ncmVlbi9nY2YtYXJ0aWZhY3RzL3N1c3RhaW5seS0tZ3JlZW5fX3VzLS1jZW50cmFsMV9fb25fcl9mX3FfY3JlYXRlZDp2ZXJzaW9uXzEYhvTZhqENIkVwcm9qZWN0cy9zdXN0YWlubHktZ3JlZW4vbG9jYXRpb25zL3VzLWNlbnRyYWwxL2Z1bmN0aW9ucy9vblJGUUNyZWF0ZWQqDAjw9LHLBhCQhti4AjIIbm9kZWpzMjQ6dgojZ2NyLmlvL2dhZS1ydW50aW1lcy9ub2RlanMyNDpzdGFibGUST3VzLWNlbnRyYWwxLWRvY2tlci5wa2cuZGV2L3NlcnZlcmxlc3MtcnVudGltZXMvZ29vZ2xlLTI0LWZ1bGwvcnVudGltZXMvbm9kZWpzMjRAAQ==","operationType":"CREATE_FUNCTION","buildName":"projects/455549024774/locations/us-central1/builds/373e1f6a-8f82-48d1-a43b-8b5ecb145c57"},"done":false}
[debug] [2026-01-18T06:15:12.585Z] Got source token Cldwcm9qZWN0cy80NTU1NDkwMjQ3NzQvbG9jYXRpb25zL3VzLWNlbnRyYWwxL2J1aWxkcy8zNzNlMWY2YS04ZjgyLTQ4ZDEtYTQzYi04YjVlY2IxNDVjNTcSc3VzLWNlbnRyYWwxLWRvY2tlci5wa2cuZGV2L3N1c3RhaW5seS1ncmVlbi9nY2YtYXJ0aWZhY3RzL3N1c3RhaW5seS0tZ3JlZW5fX3VzLS1jZW50cmFsMV9fb25fcl9mX3FfY3JlYXRlZDp2ZXJzaW9uXzEYhvTZhqENIkVwcm9qZWN0cy9zdXN0YWlubHktZ3JlZW4vbG9jYXRpb25zL3VzLWNlbnRyYWwxL2Z1bmN0aW9ucy9vblJGUUNyZWF0ZWQqDAjw9LHLBhCQhti4AjIIbm9kZWpzMjQ6dgojZ2NyLmlvL2dhZS1ydW50aW1lcy9ub2RlanMyNDpzdGFibGUST3VzLWNlbnRyYWwxLWRvY2tlci5wa2cuZGV2L3NlcnZlcmxlc3MtcnVudGltZXMvZ29vZ2xlLTI0LWZ1bGwvcnVudGltZXMvbm9kZWpzMjRAAQ== for region us-central1
[debug] [2026-01-18T06:15:22.596Z] [create-default-us-central1-onRFQCreated] Retrying task index 0
[debug] [2026-01-18T06:15:22.597Z] Checked if tokens are valid: true, expires at: 1768718318325
[debug] [2026-01-18T06:15:22.597Z] Checked if tokens are valid: true, expires at: 1768718318325
[debug] [2026-01-18T06:15:22.597Z] >>> [apiv2][query] GET https://cloudfunctions.googleapis.com/v2/projects/sustainly-green/locations/us-central1/operations/operation-1768716866245-648a37c855214-a779d77a-3cbc8fc1 [none]
[debug] [2026-01-18T06:15:24.154Z] <<< [apiv2][status] GET https://cloudfunctions.googleapis.com/v2/projects/sustainly-green/locations/us-central1/operations/operation-1768716866245-648a37c855214-a779d77a-3cbc8fc1 200
[debug] [2026-01-18T06:15:24.155Z] <<< [apiv2][body] GET https://cloudfunctions.googleapis.com/v2/projects/sustainly-green/locations/us-central1/operations/operation-1768716866245-648a37c855214-a779d77a-3cbc8fc1 {"name":"projects/sustainly-green/locations/us-central1/operations/operation-1768716866245-648a37c855214-a779d77a-3cbc8fc1","metadata":{"@type":"type.googleapis.com/google.cloud.functions.v2.OperationMetadata","createTime":"2026-01-18T06:14:26.938997241Z","target":"projects/sustainly-green/locations/us-central1/functions/onRFQCreated","verb":"create","cancelRequested":false,"apiVersion":"v2","requestResource":{"@type":"type.googleapis.com/google.cloud.functions.v2.Function","name":"projects/sustainly-green/locations/us-central1/functions/onRFQCreated","buildConfig":{"runtime":"nodejs24","entryPoint":"onRFQCreated","source":{"storageSource":{"bucket":"gcf-v2-sources-455549024774-us-central1","object":"onRFQCreated/function-source.zip","generation":"1768716866446073"}},"environmentVariables":{"GOOGLE_NODE_RUN_SCRIPTS":""},"serviceAccount":"projects/sustainly-green/serviceAccounts/455549024774-compute@developer.gserviceaccount.com","automaticUpdatePolicy":{}},"serviceConfig":{"service":"projects/sustainly-green/locations/us-central1/services/onrfqcreated","timeoutSeconds":60,"environmentVariables":{"FIREBASE_CONFIG":"{\"projectId\":\"sustainly-green\",\"storageBucket\":\"sustainly-green.firebasestorage.app\"}","GCLOUD_PROJECT":"sustainly-green","EVENTARC_CLOUD_EVENT_SOURCE":"projects/sustainly-green/locations/us-central1/services/onRFQCreated","FUNCTION_SIGNATURE_TYPE":"cloudevent","FUNCTION_TARGET":"onRFQCreated","LOG_EXECUTION_ID":"true"},"ingressSettings":"ALLOW_ALL","serviceAccountEmail":"455549024774-compute@developer.gserviceaccount.com","availableMemory":"256Mi","secretEnvironmentVariables":[{"key":"SMTP_EMAIL","projectId":"sustainly-green","secret":"SMTP_EMAIL","version":"9"},{"key":"SMTP_PASSWORD","projectId":"sustainly-green","secret":"SMTP_PASSWORD","version":"5"}],"maxInstanceRequestConcurrency":80,"availableCpu":"1"},"eventTrigger":{"trigger":"projects/sustainly-green/locations/asia-south1/triggers/onrfqcreated-697534","triggerRegion":"asia-south1","eventType":"google.cloud.firestore.document.v1.created","eventFilters":[{"attribute":"database","value":"(default)"},{"attribute":"namespace","value":"(default)"},{"attribute":"document","value":"rfqs/{rfqId}","operator":"match-path-pattern"}],"serviceAccountEmail":"455549024774-compute@developer.gserviceaccount.com","retryPolicy":"RETRY_POLICY_DO_NOT_RETRY"},"labels":{"deployment-tool":"cli-firebase","firebase-functions-hash":"e5329cb8d00dee023f56682e56b1882fe1f5d06a"},"environment":"GEN_2"},"stages":[{"name":"ARTIFACT_REGISTRY","state":"NOT_STARTED"},{"name":"SERVICE","message":"Deleting Cloud Run service","state":"IN_PROGRESS","resource":"projects/sustainly-green/locations/us-central1/services/onrfqcreated"},{"name":"TRIGGER","message":"Deleting Eventarc trigger","state":"COMPLETE","resource":"projects/sustainly-green/locations/asia-south1/triggers/onrfqcreated-697534"}],"operationType":"CREATE_FUNCTION"},"done":false}
[debug] [2026-01-18T06:15:34.170Z] [create-default-us-central1-onRFQCreated] Retrying task index 0
[debug] [2026-01-18T06:15:34.170Z] Checked if tokens are valid: true, expires at: 1768718318325
[debug] [2026-01-18T06:15:34.170Z] Checked if tokens are valid: true, expires at: 1768718318325
[debug] [2026-01-18T06:15:34.171Z] >>> [apiv2][query] GET https://cloudfunctions.googleapis.com/v2/projects/sustainly-green/locations/us-central1/operations/operation-1768716866245-648a37c855214-a779d77a-3cbc8fc1 [none]
[debug] [2026-01-18T06:15:35.688Z] <<< [apiv2][status] GET https://cloudfunctions.googleapis.com/v2/projects/sustainly-green/locations/us-central1/operations/operation-1768716866245-648a37c855214-a779d77a-3cbc8fc1 200
[debug] [2026-01-18T06:15:35.688Z] <<< [apiv2][body] GET https://cloudfunctions.googleapis.com/v2/projects/sustainly-green/locations/us-central1/operations/operation-1768716866245-648a37c855214-a779d77a-3cbc8fc1 {"name":"projects/sustainly-green/locations/us-central1/operations/operation-1768716866245-648a37c855214-a779d77a-3cbc8fc1","metadata":{"@type":"type.googleapis.com/google.cloud.functions.v2.OperationMetadata","createTime":"2026-01-18T06:14:26.938997241Z","endTime":"2026-01-18T06:15:27.597307263Z","target":"projects/sustainly-green/locations/us-central1/functions/onRFQCreated","verb":"create","cancelRequested":false,"apiVersion":"v2","requestResource":{"@type":"type.googleapis.com/google.cloud.functions.v2.Function","name":"projects/sustainly-green/locations/us-central1/functions/onRFQCreated","buildConfig":{"runtime":"nodejs24","entryPoint":"onRFQCreated","source":{"storageSource":{"bucket":"gcf-v2-sources-455549024774-us-central1","object":"onRFQCreated/function-source.zip","generation":"1768716866446073"}},"environmentVariables":{"GOOGLE_NODE_RUN_SCRIPTS":""},"serviceAccount":"projects/sustainly-green/serviceAccounts/455549024774-compute@developer.gserviceaccount.com","automaticUpdatePolicy":{}},"serviceConfig":{"service":"projects/sustainly-green/locations/us-central1/services/onrfqcreated","timeoutSeconds":60,"environmentVariables":{"FIREBASE_CONFIG":"{\"projectId\":\"sustainly-green\",\"storageBucket\":\"sustainly-green.firebasestorage.app\"}","GCLOUD_PROJECT":"sustainly-green","EVENTARC_CLOUD_EVENT_SOURCE":"projects/sustainly-green/locations/us-central1/services/onRFQCreated","FUNCTION_SIGNATURE_TYPE":"cloudevent","FUNCTION_TARGET":"onRFQCreated","LOG_EXECUTION_ID":"true"},"ingressSettings":"ALLOW_ALL","serviceAccountEmail":"455549024774-compute@developer.gserviceaccount.com","availableMemory":"256Mi","secretEnvironmentVariables":[{"key":"SMTP_EMAIL","projectId":"sustainly-green","secret":"SMTP_EMAIL","version":"9"},{"key":"SMTP_PASSWORD","projectId":"sustainly-green","secret":"SMTP_PASSWORD","version":"5"}],"maxInstanceRequestConcurrency":80,"availableCpu":"1"},"eventTrigger":{"trigger":"projects/sustainly-green/locations/asia-south1/triggers/onrfqcreated-697534","triggerRegion":"asia-south1","eventType":"google.cloud.firestore.document.v1.created","eventFilters":[{"attribute":"database","value":"(default)"},{"attribute":"namespace","value":"(default)"},{"attribute":"document","value":"rfqs/{rfqId}","operator":"match-path-pattern"}],"serviceAccountEmail":"455549024774-compute@developer.gserviceaccount.com","retryPolicy":"RETRY_POLICY_DO_NOT_RETRY"},"labels":{"deployment-tool":"cli-firebase","firebase-functions-hash":"e5329cb8d00dee023f56682e56b1882fe1f5d06a"},"environment":"GEN_2"},"stages":[{"name":"ARTIFACT_REGISTRY","message":"Deleting function artifacts in Artifact Registry","state":"COMPLETE"},{"name":"SERVICE","message":"Deleting Cloud Run service","state":"COMPLETE","resource":"projects/sustainly-green/locations/us-central1/services/onrfqcreated"},{"name":"TRIGGER","message":"Deleting Eventarc trigger","state":"COMPLETE","resource":"projects/sustainly-green/locations/asia-south1/triggers/onrfqcreated-697534"}],"operationType":"CREATE_FUNCTION"},"done":true,"error":{"code":3,"message":"Could not create or update Cloud Run service onrfqcreated, Container Healthcheck failed. The user-provided container failed to start and listen on the port defined provided by the PORT=8080 environment variable within the allocated timeout. This can happen when the container port is misconfigured or if the timeout is too short. The health check timeout can be extended. Logs for this revision might contain more information.\n\nLogs URL: https://console.cloud.google.com/logs/viewer?project=sustainly-green&resource=cloud_run_revision/service_name/onrfqcreated/revision_name/onrfqcreated-00001-kuf&advancedFilter=resource.type%3D%22cloud_run_revision%22%0Aresource.labels.service_name%3D%22onrfqcreated%22%0Aresource.labels.revision_name%3D%22onrfqcreated-00001-kuf%22 \nFor more troubleshooting guidance, see https://cloud.google.com/run/docs/troubleshooting#container-failed-to-start"}}
[debug] [2026-01-18T06:15:35.688Z] Got source token undefined for region us-central1
[error] Could not create or update Cloud Run service onrfqcreated, Container Healthcheck failed. The user-provided container failed to start and listen on the port defined provided by the PORT=8080 environment variable within the allocated timeout. This can happen when the container port is misconfigured or if the timeout is too short. The health check timeout can be extended. Logs for this revision might contain more information.

Logs URL: https://console.cloud.google.com/logs/viewer?project=sustainly-green&resource=cloud_run_revision/service_name/onrfqcreated/revision_name/onrfqcreated-00001-kuf&advancedFilter=resource.type%3D%22cloud_run_revision%22%0Aresource.labels.service_name%3D%22onrfqcreated%22%0Aresource.labels.revision_name%3D%22onrfqcreated-00001-kuf%22 
For more troubleshooting guidance, see https://cloud.google.com/run/docs/troubleshooting#container-failed-to-start
[debug] [2026-01-18T06:15:35.690Z] Total Function Deployment time: 71331
[debug] [2026-01-18T06:15:35.690Z] 1 Functions Deployed
[debug] [2026-01-18T06:15:35.691Z] 1 Functions Errored
[debug] [2026-01-18T06:15:35.691Z] 0 Function Deployments Aborted
[debug] [2026-01-18T06:15:35.691Z] Average Function Deployment time: 71330
[info] 
[info] Functions deploy had errors with the following functions:
	onRFQCreated(us-central1)
[debug] [2026-01-18T06:15:35.692Z] Checked if tokens are valid: true, expires at: 1768718318325
[debug] [2026-01-18T06:15:35.693Z] Checked if tokens are valid: true, expires at: 1768718318325
[debug] [2026-01-18T06:15:35.693Z] >>> [apiv2][query] GET https://artifactregistry.googleapis.com/v1/projects/sustainly-green/locations/us-central1/repositories/gcf-artifacts [none]
[debug] [2026-01-18T06:15:37.526Z] <<< [apiv2][status] GET https://artifactregistry.googleapis.com/v1/projects/sustainly-green/locations/us-central1/repositories/gcf-artifacts 200
[debug] [2026-01-18T06:15:37.526Z] <<< [apiv2][body] GET https://artifactregistry.googleapis.com/v1/projects/sustainly-green/locations/us-central1/repositories/gcf-artifacts {"name":"projects/sustainly-green/locations/us-central1/repositories/gcf-artifacts","format":"DOCKER","description":"This repository is created and used by Cloud Functions for storing function docker images.","labels":{"goog-managed-by":"cloudfunctions"},"createTime":"2026-01-17T21:31:40.110582Z","updateTime":"2026-01-18T06:15:27.355978Z","mode":"STANDARD_REPOSITORY","cleanupPolicies":{"firebase-functions-cleanup":{"id":"firebase-functions-cleanup","action":"DELETE","condition":{"tagState":"ANY","olderThan":"2592000s"}}},"sizeBytes":"219916795","vulnerabilityScanningConfig":{"lastEnableTime":"2026-01-17T21:31:31.787004691Z","enablementState":"SCANNING_DISABLED","enablementStateReason":"API containerscanning.googleapis.com is not enabled."},"satisfiesPzi":true,"registryUri":"us-central1-docker.pkg.dev/sustainly-green/gcf-artifacts"}
[debug] [2026-01-18T06:15:37.526Z] Functions deploy failed.
[debug] [2026-01-18T06:15:37.527Z] {
  "endpoint": {
    "id": "onRFQCreated",
    "project": "sustainly-green",
    "region": "us-central1",
    "entryPoint": "onRFQCreated",
    "platform": "gcfv2",
    "runtime": "nodejs24",
    "eventTrigger": {
      "eventType": "google.cloud.firestore.document.v1.created",
      "retry": false,
      "eventFilters": {
        "database": "(default)",
        "namespace": "(default)"
      },
      "eventFilterPathPatterns": {
        "document": "rfqs/{rfqId}"
      },
      "region": "asia-south1"
    },
    "labels": {
      "deployment-tool": "cli-firebase"
    },
    "secretEnvironmentVariables": [
      {
        "key": "SMTP_EMAIL",
        "secret": "SMTP_EMAIL",
        "projectId": "sustainly-green",
        "version": "9"
      },
      {
        "key": "SMTP_PASSWORD",
        "secret": "SMTP_PASSWORD",
        "projectId": "sustainly-green",
        "version": "5"
      }
    ],
    "serviceAccount": null,
    "ingressSettings": null,
    "availableMemoryMb": null,
    "timeoutSeconds": null,
    "maxInstances": null,
    "minInstances": null,
    "concurrency": 80,
    "vpc": null,
    "environmentVariables": {
      "FIREBASE_CONFIG": "{\"projectId\":\"sustainly-green\",\"storageBucket\":\"sustainly-green.firebasestorage.app\"}",
      "GCLOUD_PROJECT": "sustainly-green",
      "EVENTARC_CLOUD_EVENT_SOURCE": "projects/sustainly-green/locations/us-central1/services/onRFQCreated"
    },
    "codebase": "default",
    "cpu": 1,
    "targetedByOnly": false,
    "hash": "e5329cb8d00dee023f56682e56b1882fe1f5d06a"
  },
  "op": "create",
  "original": {
    "name": "FirebaseError",
    "children": [],
    "exit": 1,
    "message": "Could not create or update Cloud Run service onrfqcreated, Container Healthcheck failed. The user-provided container failed to start and listen on the port defined provided by the PORT=8080 environment variable within the allocated timeout. This can happen when the container port is misconfigured or if the timeout is too short. The health check timeout can be extended. Logs for this revision might contain more information.\n\nLogs URL: https://console.cloud.google.com/logs/viewer?project=sustainly-green&resource=cloud_run_revision/service_name/onrfqcreated/revision_name/onrfqcreated-00001-kuf&advancedFilter=resource.type%3D%22cloud_run_revision%22%0Aresource.labels.service_name%3D%22onrfqcreated%22%0Aresource.labels.revision_name%3D%22onrfqcreated-00001-kuf%22 \nFor more troubleshooting guidance, see https://cloud.google.com/run/docs/troubleshooting#container-failed-to-start",
    "original": {
      "code": 3,
      "message": "Could not create or update Cloud Run service onrfqcreated, Container Healthcheck failed. The user-provided container failed to start and listen on the port defined provided by the PORT=8080 environment variable within the allocated timeout. This can happen when the container port is misconfigured or if the timeout is too short. The health check timeout can be extended. Logs for this revision might contain more information.\n\nLogs URL: https://console.cloud.google.com/logs/viewer?project=sustainly-green&resource=cloud_run_revision/service_name/onrfqcreated/revision_name/onrfqcreated-00001-kuf&advancedFilter=resource.type%3D%22cloud_run_revision%22%0Aresource.labels.service_name%3D%22onrfqcreated%22%0Aresource.labels.revision_name%3D%22onrfqcreated-00001-kuf%22 \nFor more troubleshooting guidance, see https://cloud.google.com/run/docs/troubleshooting#container-failed-to-start"
    },
    "status": 3,
    "code": 3
  }
}
[debug] [2026-01-18T06:15:37.528Z] Error: Failed to create function onRFQCreated in region us-central1
    at C:\Users\usama\AppData\Roaming\npm\node_modules\firebase-tools\lib\deploy\functions\release\fabricator.js:319:27
    at process.processTicksAndRejections (node:internal/process/task_queues:105:5)
    at async Fabricator.createV2Function (C:\Users\usama\AppData\Roaming\npm\node_modules\firebase-tools\lib\deploy\functions\release\fabricator.js:298:30)
    at async Fabricator.createEndpoint (C:\Users\usama\AppData\Roaming\npm\node_modules\firebase-tools\lib\deploy\functions\release\fabricator.js:138:13)
    at async handle (C:\Users\usama\AppData\Roaming\npm\node_modules\firebase-tools\lib\deploy\functions\release\fabricator.js:90:17)
[error] 
[error] Error: There was an error deploying functions
